<?xml version="1.0" encoding="UTF-8" ?>
<testsuite errors="0" failures="0" hostname="raffy-System-Product-Name" name="com.vg.scfc.financing.cis.entmgr.CustomerManagerTest" tests="5" time="2.111" timestamp="2013-08-06T02:57:49">
  <properties>
    <property name="libs.JavaMail.javadoc" value="" />
    <property name="libs.jsp-compiler.javadoc" value="" />
    <property name="netbeans.autoupdate.country" value="US" />
    <property name="javax.xml.parsers.SAXParserFactory" value="com.sun.org.apache.xerces.internal.jaxp.SAXParserFactoryImpl" />
    <property name="libs.VG-hrm-user-lib.maven-pom" value="" />
    <property name="javac.test.classpath" value="/usr/local/netbeans-7.0.1/java/modules/ext/hibernate/antlr-2.7.6.jar:/usr/local/netbeans-7.0.1/java/modules/ext/hibernate/asm.jar:/usr/local/netbeans-7.0.1/java/modules/ext/hibernate/asm-attrs.jar:/usr/local/netbeans-7.0.1/java/modules/ext/hibernate/cglib-2.1.3.jar:/usr/local/netbeans-7.0.1/java/modules/ext/hibernate/commons-collections-2.1.1.jar:/usr/local/netbeans-7.0.1/ide/modules/ext/commons-logging-1.1.jar:/usr/local/netbeans-7.0.1/java/modules/ext/hibernate/dom4j-1.6.1.jar:/usr/local/netbeans-7.0.1/java/modules/ext/hibernate/ehcache-1.2.3.jar:/usr/local/netbeans-7.0.1/java/modules/ext/hibernate/jdbc2_0-stdext.jar:/usr/local/netbeans-7.0.1/java/modules/ext/hibernate/jta.jar:/usr/local/netbeans-7.0.1/java/modules/ext/hibernate/hibernate3.jar:/usr/local/netbeans-7.0.1/java/modules/ext/hibernate/hibernate-tools.jar:/usr/local/netbeans-7.0.1/java/modules/ext/hibernate/hibernate-annotations.jar:/usr/local/netbeans-7.0.1/java/modules/ext/hibernate/hibernate-commons-annotations.jar:/usr/local/netbeans-7.0.1/java/modules/ext/hibernate/hibernate-entitymanager.jar:/usr/local/netbeans-7.0.1/java/modules/ext/hibernate/javassist.jar:/usr/local/netbeans-7.0.1/java/modules/ext/hibernate/ejb3-persistence.jar:/usr/local/netbeans-7.0.1/ide/modules/ext/mysql-connector-java-5.1.13-bin.jar:/home/raffy/NetBeansProjects/Dealership/dependencies/C3P0/c3p0-0.9.1.2-jdk1.3.jar:/home/raffy/NetBeansProjects/Dealership/dependencies/C3P0/c3p0-0.9.1.2.jar:/home/raffy/NetBeansProjects/Financing/dependencies/vg-hrm-user-lib.jar:/home/raffy/NetBeansProjects/Financing/dependencies/financing-commons-util.jar:/home/raffy/NetBeansProjects/Financing/dependencies/vg-cis-core.jar:/home/raffy/NetBeansProjects/Financing/dependencies/financing-commons.jar:/home/raffy/NetBeansProjects/Dealership/dependencies/Logger/log4j-1.2.15.jar:/home/raffy/NetBeansProjects/Dealership/dependencies/Logger/slf4j-api.jar:/home/raffy/NetBeansProjects/Dealership/dependencies/Logger/slf4j-log4j12.jar:build/classes:/home/raffy/NetBeansProjects/Dealership/dependencies/JUnit4.10/junit-4.10-src.jar:/home/raffy/NetBeansProjects/Dealership/dependencies/JUnit4.10/junit-4.10.jar:/home/raffy/NetBeansProjects/Dealership/dependencies/JUnit4.10/junit-dep-4.10.jar" />
    <property name="libs.jsf20.maven-pom" value="" />
    <property name="libs.DataBindingME.src" value="/usr/local/netbeans-7.0.1/mobility/sources/netbeans_databindingme-src.zip" />
    <property name="libs.VG_VMI-util.maven-pom" value="" />
    <property name="libs.j2me_ant_ext.javadoc" value="" />
    <property name="libs.JasperReports.javadoc" value="" />
    <property name="libs.JavaCV.classpath" value="/home/raffy/NetBeansProjects/dependencies/javacv/javacpp.jar:/home/raffy/NetBeansProjects/dependencies/javacv/javacv-android-arm.jar:/home/raffy/NetBeansProjects/dependencies/javacv/javacv-linux-x86.jar:/home/raffy/NetBeansProjects/dependencies/javacv/javacv-linux-x86_64.jar:/home/raffy/NetBeansProjects/dependencies/javacv/javacv-macosx-x86_64.jar:/home/raffy/NetBeansProjects/dependencies/javacv/javacv-windows-x86.jar:/home/raffy/NetBeansProjects/dependencies/javacv/javacv-windows-x86_64.jar:/home/raffy/NetBeansProjects/dependencies/javacv/javacv.jar:/home/raffy/NetBeansProjects/dependencies/javacv/opencv-245.jar" />
    <property name="javac.includes" value="com/vg/scfc/financing/cis/entmgr/CustomerManagerTest.java" />
    <property name="libs.nsicom-ant-utils.src" value="" />
    <property name="libs.nokiaS80-ant-utils.javadoc" value="" />
    <property name="ant.core.lib" value="/usr/local/netbeans-7.0.1/java/ant/lib/ant.jar" />
    <property name="libs.swing-app-framework.src" value="" />
    <property name="libs.jakarta_slide_ant_webdav.javadoc" value="" />
    <property name="javadoc.windowtitle" value="" />
    <property name="libs.toplink.classpath" value="/usr/local/netbeans-7.0.1/java/modules/ext/toplink/toplink-essentials.jar:/usr/local/netbeans-7.0.1/java/modules/ext/toplink/toplink-essentials-agent.jar" />
    <property name="libs.jsp-compilation.javadoc" value="" />
    <property name="user.dir" value="/home/raffy/NetBeansProjects/Financing/VG SCFC-financing-cis-coremgr" />
    <property name="libs.hibernate-persistence.javadoc" value="" />
    <property name="libs.JMUnit4CLDC10.javadoc" value="/usr/local/netbeans-7.0.1/mobility/modules/docs/jmunit-1.2.1-api.zip" />
    <property name="java.vm.version" value="23.7-b01" />
    <property name="libs.DataBindingME.classpath" value="/usr/local/netbeans-7.0.1/mobility/modules/ext/netbeans_databindingme.jar" />
    <property name="libs.jstl11.maven-pom" value="" />
    <property name="libs.Java-EE-GlassFish-v3.wsimport" value="" />
    <property name="libs.JasperReports.src" value="" />
    <property name="libs.nsicom-ant-utils.classpath" value="/usr/local/netbeans-7.0.1/mobility/ant/nblib/org-netbeans-modules-j2me-cdc-project-nsicom.jar" />
    <property name="libs.MySQLDriver.classpath" value="/usr/local/netbeans-7.0.1/ide/modules/ext/mysql-connector-java-5.1.13-bin.jar" />
    <property name="libs.Logger.maven-pom" value="" />
    <property name="libs.eclipselinkmodelgen.src" value="" />
    <property name="libs.jstl11.src" value="" />
    <property name="javadoc.notree" value="false" />
    <property name="netbeans.autoupdate.version" value="1.23" />
    <property name="libs.EclipseLink-GlassFish-v3.classpath" value="/home/raffy/GlassFish_Server/glassfish/modules/org.eclipse.persistence.asm.jar:/home/raffy/GlassFish_Server/glassfish/modules/org.eclipse.persistence.oracle.jar:/home/raffy/GlassFish_Server/glassfish/modules/org.eclipse.persistence.antlr.jar:/home/raffy/GlassFish_Server/glassfish/modules/org.eclipse.persistence.core.jar:/home/raffy/GlassFish_Server/glassfish/modules/org.eclipse.persistence.jpa.modelgen.jar:/home/raffy/GlassFish_Server/glassfish/modules/org.eclipse.persistence.jpa.jar:/home/raffy/GlassFish_Server/glassfish/modules/javax.persistence.jar" />
    <property name="libs.javaee-web-api-6.0.classpath" value="/usr/local/netbeans-7.0.1/enterprise/modules/ext/javaee-web-api-6.0.jar" />
    <property name="libs.DataBindingME-PIM.maven-pom" value="" />
    <property name="libs.hibernate-support.maven-pom" value="" />
    <property name="libs.hibernate-support.javadoc" value="" />
    <property name="libs.NetBeans MIDP Components.maven-pom" value="" />
    <property name="jdk.home" value="/usr/lib/jvm/java-7-openjdk-i386" />
    <property name="libs.javac-api.src" value="" />
    <property name="libs.VG_VMI-rmi-lib.javadoc" value="" />
    <property name="libs.VG_VMI-inv.maven-pom" value="" />
    <property name="javadoc.noindex" value="false" />
    <property name="sun.os.patch.level" value="unknown" />
    <property name="java.vm.specification.name" value="Java Virtual Machine Specification" />
    <property name="libs.semc-ant-utils.classpath" value="/usr/local/netbeans-7.0.1/mobility/modules/ext/org-netbeans-modules-j2me-cdc-project-semc.jar" />
    <property name="nb.show.statistics.ui" value="usageStatisticsEnabled" />
    <property name="libs.nokiadeployment.classpath" value="/usr/local/netbeans-7.0.1/mobility/modules/org-netbeans-modules-mobility-deployment-nokia.jar" />
    <property name="netbeans.autoupdate.variant" value="" />
    <property name="have.tests" value="true" />
    <property name="libs.nokiaS80-ant-utils.maven-pom" value="" />
    <property name="libs.JFormDesigner-FormLayout.classpath" value="/home/raffy/.netbeans/7.0/redist/jgoodies-forms.jar:/home/raffy/.netbeans/7.0/redist/jgoodies-common.jar" />
    <property name="org.xml.sax.driver" value="com.sun.org.apache.xerces.internal.jaxp.SAXParserImpl$JAXPSAXParser" />
    <property name="libs.nb_svg_midp_components.src" value="/usr/local/netbeans-7.0.1/mobility/sources/nb_svg_midp_components-src.zip" />
    <property name="libs.NetBeans MIDP Components WMA.src" value="/usr/local/netbeans-7.0.1/mobility/sources/netbeans_midp_components_wma-src.zip" />
    <property name="libs.C3P0.maven-pom" value="" />
    <property name="libs.javac-api.javadoc" value="" />
    <property name="os.name" value="Linux" />
    <property name="libs.beans-binding.classpath" value="/usr/local/netbeans-7.0.1/java/modules/ext/beansbinding-1.2.1.jar" />
    <property name="ap.proc.none.internal" value="" />
    <property name="libs.DataBindingME-SVG.javadoc" value="/usr/local/netbeans-7.0.1/mobility/modules/docs/netbeans_databindingme_svg-api.zip" />
    <property name="libs.VG_SCFC-cis-core.classpath" value="/home/raffy/NetBeansProjects/Financing/dependencies/vg-cis-core.jar" />
    <property name="libs.restapi.javadoc" value="/usr/local/netbeans-7.0.1/enterprise/docs/jsr311-api-1.1.1-javadoc.zip" />
    <property name="libs.JWSAntTasks.maven-pom" value="" />
    <property name="libs.ojec-ant-utils.src" value="" />
    <property name="libs.spring-webmvc3.0.src" value="" />
    <property name="libs.restapi.classpath" value="/usr/local/netbeans-7.0.1/enterprise/modules/ext/rest/jsr311-api-1.1.1.jar" />
    <property name="java.vendor.url.bug" value="http://bugreport.sun.com/bugreport/" />
    <property name="libs.nsicom-ant-utils.javadoc" value="" />
    <property name="libs.jaxb.maven-pom" value="" />
    <property name="os.arch" value="i386" />
    <property name="libs.eclipselink.src" value="" />
    <property name="user.name" value="raffy" />
    <property name="libs.jsf12.javadoc" value="/usr/local/netbeans-7.0.1/enterprise/docs/javaee6-doc-api.zip" />
    <property name="libs.Comet-GlassFish-v3.javadoc" value="" />
    <property name="libs.VG-SCFC-commons.maven-pom" value="" />
    <property name="javax.xml.datatype.DatatypeFactory" value="com.sun.org.apache.xerces.internal.jaxp.datatype.DatatypeFactoryImpl" />
    <property name="libs.spring-webmvc3.0.maven-pom" value="" />
    <property name="libs.swing-layout.maven-pom" value="" />
    <property name="sun.java.command" value="org.apache.tools.ant.taskdefs.optional.junit.JUnitTestRunner com.vg.scfc.financing.cis.entmgr.CustomerManagerTest filtertrace=true haltOnError=false haltOnFailure=false showoutput=true outputtoformatters=true logfailedtests=true logtestlistenerevents=true formatter=org.apache.tools.ant.taskdefs.optional.junit.BriefJUnitResultFormatter formatter=org.apache.tools.ant.taskdefs.optional.junit.XMLJUnitResultFormatter,/home/raffy/NetBeansProjects/Financing/VG SCFC-financing-cis-coremgr/build/test/results/TEST-com.vg.scfc.financing.cis.entmgr.CustomerManagerTest.xml crashfile=/home/raffy/NetBeansProjects/Financing/VG SCFC-financing-cis-coremgr/build/junitvmwatcher3911038907641342674.properties propsfile=/home/raffy/NetBeansProjects/Financing/VG SCFC-financing-cis-coremgr/build/junit2618994795476102710.properties" />
    <property name="build.classes.dir" value="build/classes" />
    <property name="netbeans.accept_license_class" value="org.netbeans.license.AcceptLicense" />
    <property name="libs.Java-EE-GlassFish-v3.wsjwsdp" value="" />
    <property name="build.sysclasspath" value="ignore" />
    <property name="ap.supported.internal" value="true" />
    <property name="libs.JavaMail.classpath" value="/home/raffy/NetBeansProjects/dependencies/mail.jar" />
    <property name="libs.jaxws21.javadoc" value="/usr/local/netbeans-7.0.1/java/docs/jaxws-api-doc.zip" />
    <property name="includes" value="**" />
    <property name="libs.JFormDesigner-JGoodiesUIFlite.src" value="/home/raffy/.netbeans/7.0/redist/jgoodies-uif-lite-src.zip" />
    <property name="libs.VG_SCFC-cis-core.javadoc" value="" />
    <property name="javax.xml.parsers.DocumentBuilderFactory" value="com.sun.org.apache.xerces.internal.jaxp.DocumentBuilderFactoryImpl" />
    <property name="libs.ojec-ant-utils.maven-pom" value="" />
    <property name="user.country" value="US" />
    <property name="libs.jstl11.javadoc" value="/usr/local/netbeans-7.0.1/enterprise/docs/javaee6-doc-api.zip" />
    <property name="libs.JMUnit4CLDC11.src" value="" />
    <property name="javadoc.encoding" value="UTF-8" />
    <property name="javac.classpath" value="/usr/local/netbeans-7.0.1/java/modules/ext/hibernate/antlr-2.7.6.jar:/usr/local/netbeans-7.0.1/java/modules/ext/hibernate/asm.jar:/usr/local/netbeans-7.0.1/java/modules/ext/hibernate/asm-attrs.jar:/usr/local/netbeans-7.0.1/java/modules/ext/hibernate/cglib-2.1.3.jar:/usr/local/netbeans-7.0.1/java/modules/ext/hibernate/commons-collections-2.1.1.jar:/usr/local/netbeans-7.0.1/ide/modules/ext/commons-logging-1.1.jar:/usr/local/netbeans-7.0.1/java/modules/ext/hibernate/dom4j-1.6.1.jar:/usr/local/netbeans-7.0.1/java/modules/ext/hibernate/ehcache-1.2.3.jar:/usr/local/netbeans-7.0.1/java/modules/ext/hibernate/jdbc2_0-stdext.jar:/usr/local/netbeans-7.0.1/java/modules/ext/hibernate/jta.jar:/usr/local/netbeans-7.0.1/java/modules/ext/hibernate/hibernate3.jar:/usr/local/netbeans-7.0.1/java/modules/ext/hibernate/hibernate-tools.jar:/usr/local/netbeans-7.0.1/java/modules/ext/hibernate/hibernate-annotations.jar:/usr/local/netbeans-7.0.1/java/modules/ext/hibernate/hibernate-commons-annotations.jar:/usr/local/netbeans-7.0.1/java/modules/ext/hibernate/hibernate-entitymanager.jar:/usr/local/netbeans-7.0.1/java/modules/ext/hibernate/javassist.jar:/usr/local/netbeans-7.0.1/java/modules/ext/hibernate/ejb3-persistence.jar:/usr/local/netbeans-7.0.1/ide/modules/ext/mysql-connector-java-5.1.13-bin.jar:/home/raffy/NetBeansProjects/Dealership/dependencies/C3P0/c3p0-0.9.1.2-jdk1.3.jar:/home/raffy/NetBeansProjects/Dealership/dependencies/C3P0/c3p0-0.9.1.2.jar:/home/raffy/NetBeansProjects/Financing/dependencies/vg-hrm-user-lib.jar:/home/raffy/NetBeansProjects/Financing/dependencies/financing-commons-util.jar:/home/raffy/NetBeansProjects/Financing/dependencies/vg-cis-core.jar:/home/raffy/NetBeansProjects/Financing/dependencies/financing-commons.jar:/home/raffy/NetBeansProjects/Dealership/dependencies/Logger/log4j-1.2.15.jar:/home/raffy/NetBeansProjects/Dealership/dependencies/Logger/slf4j-api.jar:/home/raffy/NetBeansProjects/Dealership/dependencies/Logger/slf4j-log4j12.jar" />
    <property name="libs.JFormDesigner-FormLayout.javadoc" value="/home/raffy/.netbeans/7.0/redist/jgoodies-forms-javadoc.zip:/home/raffy/.netbeans/7.0/redist/jgoodies-common-javadoc.zip" />
    <property name="libs.jsp-compilation-syscp.src" value="" />
    <property name="debug-transport" value="dt_socket" />
    <property name="netbeans.home" value="/usr/local/netbeans-7.0.1/platform" />
    <property name="libs.VG_VMI-rmi-lib.classpath" value="/home/raffy/NetBeansProjects/Dealership/dependencies/vg-rmi-lib.jar" />
    <property name="build.compiler.emacs" value="true" />
    <property name="libs.VG_VMI-reusable.classpath" value="/home/raffy/NetBeansProjects/Dealership/dependencies/vg-reusables.jar" />
    <property name="libs.javaee-web-api-6.0.src" value="" />
    <property name="libs.ejb3-persistence.src" value="" />
    <property name="libs.Java-EE-GlassFish-v3.javadoc" value="/usr/local/netbeans-7.0.1/enterprise/docs/javaee6-doc-api.zip" />
    <property name="libs.jsp-compilation-syscp.classpath" value="/usr/local/netbeans-7.0.1/java/ant/lib/ant.jar:/usr/local/netbeans-7.0.1/enterprise/modules/ext/servlet3.0-jsp2.2-api.jar:/usr/local/netbeans-7.0.1/enterprise/modules/ext/glassfish-jspparser-3.0.jar:/usr/local/netbeans-7.0.1/enterprise/modules/ext/standard.jar:/usr/local/netbeans-7.0.1/enterprise/modules/ext/jsf-2_1/jsf-impl.jar" />
    <property name="libs.nokiaS80-ant-utils.src" value="" />
    <property name="libs.JFormDesigner-TableLayout.maven-pom" value="" />
    <property name="libs.cdc-pp-awt-layout.javadoc" value="" />
    <property name="libs.j2me_ant_ext.classpath" value="/usr/local/netbeans-7.0.1/mobility/modules/org-netbeans-modules-mobility-antext.jar:/usr/local/netbeans-7.0.1/java/modules/org-netbeans-modules-classfile.jar" />
    <property name="java.endorsed.dirs" value="/usr/lib/jvm/java-7-openjdk-i386/jre/lib/endorsed" />
    <property name="libs.Comet-GlassFish-v3.maven-pom" value="" />
    <property name="libs.groovy-all.src" value="" />
    <property name="test.includes" value="com/vg/scfc/financing/cis/entmgr/CustomerManagerTest.java" />
    <property name="netbeans.dynamic.classpath" value="/usr/local/netbeans-7.0.1/platform/core/org-openide-filesystems.jar:/usr/local/netbeans-7.0.1/platform/core/core.jar:/usr/local/netbeans-7.0.1/platform/core/locale/core_ru.jar:/usr/local/netbeans-7.0.1/platform/core/locale/core_ja.jar:/usr/local/netbeans-7.0.1/platform/core/locale/org-openide-filesystems_zh_CN.jar:/usr/local/netbeans-7.0.1/platform/core/locale/org-openide-filesystems_ru.jar:/usr/local/netbeans-7.0.1/platform/core/locale/org-openide-filesystems_ja.jar:/usr/local/netbeans-7.0.1/platform/core/locale/core_pt_BR.jar:/usr/local/netbeans-7.0.1/platform/core/locale/core_zh_CN.jar:/usr/local/netbeans-7.0.1/platform/core/locale/org-openide-filesystems_pt_BR.jar:/usr/local/netbeans-7.0.1/nb/core/org-netbeans-upgrader.jar:/usr/local/netbeans-7.0.1/nb/core/locale/core_nb_pt_BR.jar:/usr/local/netbeans-7.0.1/nb/core/locale/core_nb_ja.jar:/usr/local/netbeans-7.0.1/nb/core/locale/core_nb_zh_CN.jar:/usr/local/netbeans-7.0.1/nb/core/locale/org-netbeans-upgrader_zh_CN.jar:/usr/local/netbeans-7.0.1/nb/core/locale/core_nb.jar:/usr/local/netbeans-7.0.1/nb/core/locale/org-netbeans-upgrader_ja.jar:/usr/local/netbeans-7.0.1/nb/core/locale/core_nb_ru.jar:/usr/local/netbeans-7.0.1/nb/core/locale/org-netbeans-upgrader_ru.jar:/usr/local/netbeans-7.0.1/nb/core/locale/org-netbeans-upgrader_pt_BR.jar" />
    <property name="libs.cdc-agui-swing-layout.maven-pom" value="" />
    <property name="libs.cdc-pp-awt-layout.src" value="/usr/local/netbeans-7.0.1/mobility/sources/cdc-pp-awt-layout-src.zip" />
    <property name="libs.VG_VMI-pos.classpath" value="/home/raffy/NetBeansProjects/Dealership/dependencies/vg-vmi-dealer-pos.jar" />
    <property name="java.vm.specification.version" value="1.7" />
    <property name="libs.jakarta_slide_ant_webdav.src" value="" />
    <property name="libs.primefaces.classpath" value="/usr/local/netbeans-7.0.1/enterprise/modules/ext/primefaces/primefaces-2.2.1.jar" />
    <property name="libs.javaee-api-6.0.classpath" value="/usr/local/netbeans-7.0.1/enterprise/modules/ext/javaee-api-6.0.jar" />
    <property name="libs.sjmc-ant-utils.maven-pom" value="" />
    <property name="libs.groovy-all.maven-pom" value="" />
    <property name="libs.JMUnit4CLDC10.maven-pom" value="" />
    <property name="ant.file.VG_SCFC-financing-cis-coremgr-impl" value="/home/raffy/NetBeansProjects/Financing/VG SCFC-financing-cis-coremgr/nbproject/build-impl.xml" />
    <property name="ant.file.type.VG_SCFC-financing-cis-coremgr-impl" value="file" />
    <property name="platforms.JDK_1.6.home" value="/usr/lib/jvm/java-6-openjdk" />
    <property name="libs.hibernate-persistence.classpath" value="/usr/local/netbeans-7.0.1/java/modules/ext/hibernate/antlr-2.7.6.jar:/usr/local/netbeans-7.0.1/java/modules/ext/hibernate/asm.jar:/usr/local/netbeans-7.0.1/java/modules/ext/hibernate/asm-attrs.jar:/usr/local/netbeans-7.0.1/java/modules/ext/hibernate/cglib-2.1.3.jar:/usr/local/netbeans-7.0.1/java/modules/ext/hibernate/commons-collections-2.1.1.jar:/usr/local/netbeans-7.0.1/ide/modules/ext/commons-logging-1.1.jar:/usr/local/netbeans-7.0.1/java/modules/ext/hibernate/dom4j-1.6.1.jar:/usr/local/netbeans-7.0.1/java/modules/ext/hibernate/ehcache-1.2.3.jar:/usr/local/netbeans-7.0.1/java/modules/ext/hibernate/jdbc2_0-stdext.jar:/usr/local/netbeans-7.0.1/java/modules/ext/hibernate/jta.jar:/usr/local/netbeans-7.0.1/java/modules/ext/hibernate/hibernate3.jar:/usr/local/netbeans-7.0.1/java/modules/ext/hibernate/hibernate-tools.jar:/usr/local/netbeans-7.0.1/java/modules/ext/hibernate/hibernate-annotations.jar:/usr/local/netbeans-7.0.1/java/modules/ext/hibernate/hibernate-commons-annotations.jar:/usr/local/netbeans-7.0.1/java/modules/ext/hibernate/hibernate-entitymanager.jar:/usr/local/netbeans-7.0.1/java/modules/ext/hibernate/javassist.jar:/usr/local/netbeans-7.0.1/java/modules/ext/hibernate/ejb3-persistence.jar" />
    <property name="libs.jaxws21.src" value="" />
    <property name="application.title" value="VG SCFC-financing-cis-coremgr" />
    <property name="do.archive" value="true" />
    <property name="libs.swing-app-framework.classpath" value="/usr/local/netbeans-7.0.1/java/modules/ext/appframework-1.0.3.jar:/usr/local/netbeans-7.0.1/java/modules/ext/swing-worker-1.1.jar" />
    <property name="netbeans.autoupdate.language" value="en" />
    <property name="libs.jakarta_slide_ant_webdav.classpath" value="/usr/local/netbeans-7.0.1/mobility/modules/ext/commons-httpclient-3.0.1.jar:/usr/local/netbeans-7.0.1/ide/modules/ext/commons-logging-1.1.jar:/usr/local/netbeans-7.0.1/mobility/modules/ext/jdom-1.0.jar:/usr/local/netbeans-7.0.1/mobility/modules/ext/jakarta-slide-webdavlib-2.1.jar:/usr/local/netbeans-7.0.1/mobility/modules/ext/jakarta-slide-ant-webdav-2.1.jar" />
    <property name="libs.JFormDesigner-JGoodiesUIFlite.classpath" value="/home/raffy/.netbeans/7.0/redist/jgoodies-uif-lite.jar" />
    <property name="java.vendor" value="Oracle Corporation" />
    <property name="platforms.JDK_1.6.compiler" value="modern" />
    <property name="libs.JMUnit4CLDC10.src" value="" />
    <property name="libs.javaee-api-6.0.javadoc" value="/usr/local/netbeans-7.0.1/enterprise/docs/javaee6-doc-api.zip" />
    <property name="sun.font.fontmanager" value="sun.awt.X11FontManager" />
    <property name="jar.index.metainf" value="false" />
    <property name="javac.debug" value="true" />
    <property name="javadoc.splitindex" value="true" />
    <property name="file.separator" value="/" />
    <property name="javac.includesfile.binary" value="/home/raffy/NetBeansProjects/Financing/VG SCFC-financing-cis-coremgr/null1100508659" />
    <property name="libs.LTI_CIVIL.src" value="" />
    <property name="libs.restlib_gfv3ee6.classpath" value="/home/raffy/GlassFish_Server/glassfish/modules/jackson-core-asl.jar:/home/raffy/GlassFish_Server/glassfish/modules/jackson-jaxrs.jar:/home/raffy/GlassFish_Server/glassfish/modules/jackson-mapper-asl.jar:/home/raffy/GlassFish_Server/glassfish/modules/jersey-client.jar:/home/raffy/GlassFish_Server/glassfish/modules/jersey-core.jar:/home/raffy/GlassFish_Server/glassfish/modules/jersey-gf-server.jar:/home/raffy/GlassFish_Server/glassfish/modules/jersey-json.jar:/home/raffy/GlassFish_Server/glassfish/modules/jersey-multipart.jar:/home/raffy/GlassFish_Server/glassfish/modules/jettison.jar:/home/raffy/GlassFish_Server/glassfish/modules/mimepull.jar" />
    <property name="libs.ActiveSync.classpath" value="/usr/local/netbeans-7.0.1/mobility/modules/ext/nbactivesync-5.0.jar" />
    <property name="mkdist.disabled" value="true" />
    <property name="javac.test.processorpath" value="/usr/local/netbeans-7.0.1/java/modules/ext/hibernate/antlr-2.7.6.jar:/usr/local/netbeans-7.0.1/java/modules/ext/hibernate/asm.jar:/usr/local/netbeans-7.0.1/java/modules/ext/hibernate/asm-attrs.jar:/usr/local/netbeans-7.0.1/java/modules/ext/hibernate/cglib-2.1.3.jar:/usr/local/netbeans-7.0.1/java/modules/ext/hibernate/commons-collections-2.1.1.jar:/usr/local/netbeans-7.0.1/ide/modules/ext/commons-logging-1.1.jar:/usr/local/netbeans-7.0.1/java/modules/ext/hibernate/dom4j-1.6.1.jar:/usr/local/netbeans-7.0.1/java/modules/ext/hibernate/ehcache-1.2.3.jar:/usr/local/netbeans-7.0.1/java/modules/ext/hibernate/jdbc2_0-stdext.jar:/usr/local/netbeans-7.0.1/java/modules/ext/hibernate/jta.jar:/usr/local/netbeans-7.0.1/java/modules/ext/hibernate/hibernate3.jar:/usr/local/netbeans-7.0.1/java/modules/ext/hibernate/hibernate-tools.jar:/usr/local/netbeans-7.0.1/java/modules/ext/hibernate/hibernate-annotations.jar:/usr/local/netbeans-7.0.1/java/modules/ext/hibernate/hibernate-commons-annotations.jar:/usr/local/netbeans-7.0.1/java/modules/ext/hibernate/hibernate-entitymanager.jar:/usr/local/netbeans-7.0.1/java/modules/ext/hibernate/javassist.jar:/usr/local/netbeans-7.0.1/java/modules/ext/hibernate/ejb3-persistence.jar:/usr/local/netbeans-7.0.1/ide/modules/ext/mysql-connector-java-5.1.13-bin.jar:/home/raffy/NetBeansProjects/Dealership/dependencies/C3P0/c3p0-0.9.1.2-jdk1.3.jar:/home/raffy/NetBeansProjects/Dealership/dependencies/C3P0/c3p0-0.9.1.2.jar:/home/raffy/NetBeansProjects/Financing/dependencies/vg-hrm-user-lib.jar:/home/raffy/NetBeansProjects/Financing/dependencies/financing-commons-util.jar:/home/raffy/NetBeansProjects/Financing/dependencies/vg-cis-core.jar:/home/raffy/NetBeansProjects/Financing/dependencies/financing-commons.jar:/home/raffy/NetBeansProjects/Dealership/dependencies/Logger/log4j-1.2.15.jar:/home/raffy/NetBeansProjects/Dealership/dependencies/Logger/slf4j-api.jar:/home/raffy/NetBeansProjects/Dealership/dependencies/Logger/slf4j-log4j12.jar:build/classes:/home/raffy/NetBeansProjects/Dealership/dependencies/JUnit4.10/junit-4.10-src.jar:/home/raffy/NetBeansProjects/Dealership/dependencies/JUnit4.10/junit-4.10.jar:/home/raffy/NetBeansProjects/Dealership/dependencies/JUnit4.10/junit-dep-4.10.jar" />
    <property name="netbeans.buildnumber" value="201107282000" />
    <property name="libs.JWSAntTasks.javadoc" value="" />
    <property name="build.generated.sources.dir" value="build/generated-sources" />
    <property name="libs.eclipselinkmodelgen.classpath" value="/usr/local/netbeans-7.0.1/java/modules/ext/eclipselink/eclipselink-jpa-modelgen-2.2.0.jar" />
    <property name="libs.Java-EE-GlassFish-v3.wscompile" value="" />
    <property name="sun.java.launcher" value="SUN_STANDARD" />
    <property name="libs.jaxb.javadoc" value="/usr/local/netbeans-7.0.1/ide/docs/jaxb-api-doc.zip" />
    <property name="libs.struts.classpath" value="/usr/local/netbeans-7.0.1/enterprise/modules/ext/struts/antlr-2.7.2.jar:/usr/local/netbeans-7.0.1/enterprise/modules/ext/struts/bsf-2.3.0.jar:/usr/local/netbeans-7.0.1/enterprise/modules/ext/struts/commons-beanutils-1.7.0.jar:/usr/local/netbeans-7.0.1/enterprise/modules/ext/struts/commons-chain-1.1.jar:/usr/local/netbeans-7.0.1/enterprise/modules/ext/struts/commons-digester-1.8.jar:/usr/local/netbeans-7.0.1/enterprise/modules/ext/struts/commons-fileupload-1.1.1.jar:/usr/local/netbeans-7.0.1/enterprise/modules/ext/struts/commons-io-1.1.jar:/usr/local/netbeans-7.0.1/enterprise/modules/ext/struts/commons-logging-1.0.4.jar:/usr/local/netbeans-7.0.1/enterprise/modules/ext/struts/commons-validator-1.3.1.jar:/usr/local/netbeans-7.0.1/enterprise/modules/ext/struts/jstl-1.0.2.jar:/usr/local/netbeans-7.0.1/enterprise/modules/ext/struts/oro-2.0.8.jar:/usr/local/netbeans-7.0.1/enterprise/modules/ext/struts/standard-1.0.2.jar:/usr/local/netbeans-7.0.1/enterprise/modules/ext/struts/struts-core-1.3.8.jar:/usr/local/netbeans-7.0.1/enterprise/modules/ext/struts/struts-el-1.3.8.jar:/usr/local/netbeans-7.0.1/enterprise/modules/ext/struts/struts-extras-1.3.8.jar:/usr/local/netbeans-7.0.1/enterprise/modules/ext/struts/struts-faces-1.3.8.jar:/usr/local/netbeans-7.0.1/enterprise/modules/ext/struts/struts-mailreader-dao-1.3.8.jar:/usr/local/netbeans-7.0.1/enterprise/modules/ext/struts/struts-scripting-1.3.8.jar:/usr/local/netbeans-7.0.1/enterprise/modules/ext/struts/struts-taglib-1.3.8.jar:/usr/local/netbeans-7.0.1/enterprise/modules/ext/struts/struts-tiles-1.3.8.jar" />
    <property name="javac.includes.binary" value="/home/raffy/NetBeansProjects/Financing/VG SCFC-financing-cis-coremgr/build/test/classes/com/vg/scfc/financing/cis/entmgr/CustomerManagerTest.class" />
    <property name="ant.home" value="/usr/local/netbeans-7.0.1/java/ant" />
    <property name="libs.ricoh-ant-utils.maven-pom" value="" />
    <property name="libs.absolutelayout.maven-pom" value="" />
    <property name="ant.java.version" value="1.7" />
    <property name="java.library.path" value="/usr/java/packages/lib/i386:/usr/lib/jni:/lib:/usr/lib" />
    <property name="javadoc.author" value="false" />
    <property name="libs.metro.maven-pom" value="" />
    <property name="libs.EclipseLink-GlassFish-v3.src" value="" />
    <property name="java.util.logging.config.class" value="org.netbeans.core.startup.TopLogging" />
    <property name="libs.LTI_CIVIL.maven-pom" value="" />
    <property name="libs.PostgreSQLDriver.src" value="" />
    <property name="libs.JFormDesigner-IntelliJIDEAGridLayout.classpath" value="/home/raffy/.netbeans/7.0/redist/intellij_forms_rt.jar" />
    <property name="libs.JFormDesigner-TableLayout.src" value="/home/raffy/.netbeans/7.0/redist/TableLayout-src.jar" />
    <property name="sun.arch.data.model" value="32" />
    <property name="basedir" value="/home/raffy/NetBeansProjects/Financing/VG SCFC-financing-cis-coremgr" />
    <property name="libs.ActiveSync.src" value="" />
    <property name="libs.JFormDesigner-Loader.javadoc" value="/home/raffy/.netbeans/7.0/redist/jfd-loader-javadoc.zip" />
    <property name="jar.compress" value="false" />
    <property name="netbeans.keyring.no.master" value="true" />
    <property name="libs.NetBeans MIDP Components PDA.src" value="/usr/local/netbeans-7.0.1/mobility/sources/netbeans_midp_components_pda-src.zip" />
    <property name="libs.JasperReport4.0.classpath" value="/home/raffy/.netbeans/7.0/modules/ext/jasperreports-4.5.0.jar:/home/raffy/.netbeans/7.0/modules/ext/commons-beanutils-1.8.2.jar:/home/raffy/.netbeans/7.0/modules/ext/commons-collections-3.2.1.jar:/home/raffy/.netbeans/7.0/modules/ext/commons-digester-1.7.jar:/home/raffy/.netbeans/7.0/modules/ext/commons-logging-1.1.jar:/home/raffy/.netbeans/7.0/modules/ext/groovy-all-1.7.5.jar:/home/raffy/.netbeans/7.0/modules/ext/iText-2.1.7.jar:/home/raffy/.netbeans/7.0/modules/ext/poi-3.6.jar:/home/raffy/.netbeans/7.0/modules/ext/jxl-2.6.10.jar" />
    <property name="libs.jstl11.classpath" value="/usr/local/netbeans-7.0.1/enterprise/modules/ext/standard.jar:/usr/local/netbeans-7.0.1/enterprise/modules/ext/jstl.jar" />
    <property name="libs.Logger.javadoc" value="" />
    <property name="libs.JasperReports.classpath" value="/home/raffy/.netbeans/7.0/modules/ext/commons-collections-3.2.1.jar:/home/raffy/.netbeans/7.0/modules/ext/commons-digester-1.7.jar:/home/raffy/.netbeans/7.0/modules/ext/commons-logging-1.1.jar:/home/raffy/.netbeans/7.0/modules/ext/jakarta-bcel-20050813.jar:/home/raffy/.netbeans/7.0/modules/ext/jaxen-1.1.1.jar:/home/raffy/.netbeans/7.0/modules/ext/jcommon-1.0.15.jar:/home/raffy/.netbeans/7.0/modules/ext/jfreechart-1.0.12.jar:/home/raffy/.netbeans/7.0/modules/ext/jpa.jar:/home/raffy/.netbeans/7.0/modules/ext/png-encoder-1.5.jar:/home/raffy/.netbeans/7.0/libs/xalan.jar:/home/raffy/.netbeans/7.0/modules/ext/xml-apis.jar:/home/raffy/.netbeans/7.0/modules/ext/batik-anim.jar:/home/raffy/.netbeans/7.0/modules/ext/batik-awt-util.jar:/home/raffy/.netbeans/7.0/modules/ext/batik-bridge.jar:/home/raffy/.netbeans/7.0/modules/ext/batik-css.jar:/home/raffy/.netbeans/7.0/modules/ext/batik-dom.jar:/home/raffy/.netbeans/7.0/modules/ext/batik-ext.jar:/home/raffy/.netbeans/7.0/modules/ext/batik-gvt.jar:/home/raffy/.netbeans/7.0/modules/ext/batik-parser.jar:/home/raffy/.netbeans/7.0/modules/ext/batik-script.jar:/home/raffy/.netbeans/7.0/modules/ext/batik-svg-dom.jar:/home/raffy/.netbeans/7.0/modules/ext/batik-svggen.jar:/home/raffy/.netbeans/7.0/modules/ext/batik-util.jar:/home/raffy/.netbeans/7.0/modules/ext/batik-xml.jar:/home/raffy/.netbeans/7.0/modules/ext/rhino-1.7R1.jar:/home/raffy/.netbeans/7.0/modules/ext/xml-apis-ext.jar:/home/raffy/.netbeans/7.0/modules/ext/castor-1.2.jar:/home/raffy/.netbeans/7.0/modules/ext/barbecue-1.5-beta1.jar:/home/raffy/.netbeans/7.0/modules/ext/barcode4j-2.0.jar:/home/raffy/.netbeans/7.0/modules/ext/commons-beanutils-1.8.2.jar:/home/raffy/.netbeans/7.0/modules/ext/groovy-all-1.7.5.jar:/home/raffy/.netbeans/7.0/modules/ext/jxl-2.6.10.jar:/home/raffy/.netbeans/7.0/modules/ext/jasperreports-4.5.0.jar:/home/raffy/.netbeans/7.0/modules/ext/png-encoder-1.5.jar:/home/raffy/.netbeans/7.0/modules/ext/poi-3.6.jar:/home/raffy/.netbeans/7.0/modules/ext/iText-2.1.7.jar:/home/raffy/.netbeans/7.0/modules/ext/jasperreports-chart-themes-4.5.0.jar:/home/raffy/.netbeans/7.0/modules/ext/jasperreports-fonts-4.5.0.jar:/home/raffy/.netbeans/7.0/modules/ext/spring.jar" />
    <property name="path.separator" value=":" />
    <property name="libs.javaee-web-api-6.0.javadoc" value="/usr/local/netbeans-7.0.1/enterprise/docs/javaee6-doc-api.zip" />
    <property name="libs.JFormDesigner-Annotations.classpath" value="/home/raffy/.netbeans/7.0/redist/jfd-annotations.jar" />
    <property name="ant.junit.enabletestlistenerevents" value="true" />
    <property name="sun.io.unicode.encoding" value="UnicodeLittle" />
    <property name="libs.semc-ant-utils.javadoc" value="" />
    <property name="libs.jaxws21.classpath" value="/usr/local/netbeans-7.0.1/ide/modules/ext/jaxb/jaxb-impl.jar:/usr/local/netbeans-7.0.1/ide/modules/ext/jaxb/jaxb-xjc.jar:/usr/local/netbeans-7.0.1/java/modules/ext/jaxws22/FastInfoset.jar:/usr/local/netbeans-7.0.1/java/modules/ext/jaxws22/gmbal-api-only.jar:/usr/local/netbeans-7.0.1/java/modules/ext/jaxws22/http.jar:/usr/local/netbeans-7.0.1/java/modules/ext/jaxws22/jaxws-rt.jar:/usr/local/netbeans-7.0.1/java/modules/ext/jaxws22/jaxws-tools.jar:/usr/local/netbeans-7.0.1/java/modules/ext/jaxws22/management-api.jar:/usr/local/netbeans-7.0.1/java/modules/ext/jaxws22/mimepull.jar:/usr/local/netbeans-7.0.1/java/modules/ext/jaxws22/policy.jar:/usr/local/netbeans-7.0.1/java/modules/ext/jaxws22/saaj-impl.jar:/usr/local/netbeans-7.0.1/java/modules/ext/jaxws22/stax-ex.jar:/usr/local/netbeans-7.0.1/java/modules/ext/jaxws22/streambuffer.jar:/usr/local/netbeans-7.0.1/java/modules/ext/jaxws22/woodstox.jar:/usr/local/netbeans-7.0.1/java/modules/ext/jaxws22/api/jaxws-api.jar:/usr/local/netbeans-7.0.1/java/modules/ext/jaxws22/api/jsr181-api.jar:/usr/local/netbeans-7.0.1/java/modules/ext/jaxws22/api/jsr250-api.jar:/usr/local/netbeans-7.0.1/java/modules/ext/jaxws22/api/saaj-api.jar:/usr/local/netbeans-7.0.1/ide/modules/ext/jaxb/activation.jar:/usr/local/netbeans-7.0.1/ide/modules/ext/jaxb/api/jaxb-api.jar:/usr/local/netbeans-7.0.1/ide/modules/ext/jaxb/api/jsr173_api.jar" />
    <property name="libs.struts.src" value="" />
    <property name="compile.on.save" value="false" />
    <property name="apple.awt.graphics.UseQuartz" value="true" />
    <property name="user.language" value="en" />
    <property name="libs.JFormDesigner-Loader.classpath" value="/home/raffy/.netbeans/7.0/redist/jfd-loader.jar" />
    <property name="libs.spring-framework.classpath" value="/usr/local/netbeans-7.0.1/ide/modules/ext/commons-logging-1.1.jar:/usr/local/netbeans-7.0.1/java/modules/ext/cglib-2.2.jar:/usr/local/netbeans-7.0.1/java/modules/ext/spring/spring-2.5.6.SEC01.jar" />
    <property name="libs.eclipselink.maven-pom" value="" />
    <property name="application.vendor" value="jp" />
    <property name="libs.primefaces.javadoc" value="" />
    <property name="libs.VG_VMI-inv.classpath" value="/home/raffy/NetBeansProjects/Dealership/dependencies/vg-vmi-dealer-inv.jar" />
    <property name="libs.spring-framework300.maven-pom" value="" />
    <property name="run.test.classpath" value="/usr/local/netbeans-7.0.1/java/modules/ext/hibernate/antlr-2.7.6.jar:/usr/local/netbeans-7.0.1/java/modules/ext/hibernate/asm.jar:/usr/local/netbeans-7.0.1/java/modules/ext/hibernate/asm-attrs.jar:/usr/local/netbeans-7.0.1/java/modules/ext/hibernate/cglib-2.1.3.jar:/usr/local/netbeans-7.0.1/java/modules/ext/hibernate/commons-collections-2.1.1.jar:/usr/local/netbeans-7.0.1/ide/modules/ext/commons-logging-1.1.jar:/usr/local/netbeans-7.0.1/java/modules/ext/hibernate/dom4j-1.6.1.jar:/usr/local/netbeans-7.0.1/java/modules/ext/hibernate/ehcache-1.2.3.jar:/usr/local/netbeans-7.0.1/java/modules/ext/hibernate/jdbc2_0-stdext.jar:/usr/local/netbeans-7.0.1/java/modules/ext/hibernate/jta.jar:/usr/local/netbeans-7.0.1/java/modules/ext/hibernate/hibernate3.jar:/usr/local/netbeans-7.0.1/java/modules/ext/hibernate/hibernate-tools.jar:/usr/local/netbeans-7.0.1/java/modules/ext/hibernate/hibernate-annotations.jar:/usr/local/netbeans-7.0.1/java/modules/ext/hibernate/hibernate-commons-annotations.jar:/usr/local/netbeans-7.0.1/java/modules/ext/hibernate/hibernate-entitymanager.jar:/usr/local/netbeans-7.0.1/java/modules/ext/hibernate/javassist.jar:/usr/local/netbeans-7.0.1/java/modules/ext/hibernate/ejb3-persistence.jar:/usr/local/netbeans-7.0.1/ide/modules/ext/mysql-connector-java-5.1.13-bin.jar:/home/raffy/NetBeansProjects/Dealership/dependencies/C3P0/c3p0-0.9.1.2-jdk1.3.jar:/home/raffy/NetBeansProjects/Dealership/dependencies/C3P0/c3p0-0.9.1.2.jar:/home/raffy/NetBeansProjects/Financing/dependencies/vg-hrm-user-lib.jar:/home/raffy/NetBeansProjects/Financing/dependencies/financing-commons-util.jar:/home/raffy/NetBeansProjects/Financing/dependencies/vg-cis-core.jar:/home/raffy/NetBeansProjects/Financing/dependencies/financing-commons.jar:/home/raffy/NetBeansProjects/Dealership/dependencies/Logger/log4j-1.2.15.jar:/home/raffy/NetBeansProjects/Dealership/dependencies/Logger/slf4j-api.jar:/home/raffy/NetBeansProjects/Dealership/dependencies/Logger/slf4j-log4j12.jar:build/classes:/home/raffy/NetBeansProjects/Dealership/dependencies/JUnit4.10/junit-4.10-src.jar:/home/raffy/NetBeansProjects/Dealership/dependencies/JUnit4.10/junit-4.10.jar:/home/raffy/NetBeansProjects/Dealership/dependencies/JUnit4.10/junit-dep-4.10.jar:build/test/classes" />
    <property name="libs.JFormDesigner-IntelliJIDEAGridLayout.javadoc" value="" />
    <property name="ant.project.invoked-targets" value="test-single" />
    <property name="libs.swing-layout.javadoc" value="/usr/local/netbeans-7.0.1/platform/docs/swing-layout-1.0.4-doc.zip" />
    <property name="libs.VG_VMI-hrm.classpath" value="/home/raffy/NetBeansProjects/Dealership/dependencies/vg-hrm.jar" />
    <property name="libs.swing-app-framework.javadoc" value="/usr/local/netbeans-7.0.1/java/docs/appframework-1.0.3-doc.zip" />
    <property name="libs.ejb3-persistence.maven-pom" value="" />
    <property name="libs.DataBindingME-SVG.classpath" value="/usr/local/netbeans-7.0.1/mobility/modules/ext/netbeans_databindingme_svg.jar" />
    <property name="libs.PostgreSQLDriver.maven-pom" value="" />
    <property name="java.class.version" value="51.0" />
    <property name="libs.javaee-endorsed-api-6.0.src" value="" />
    <property name="libs.cdc-ant-utils.classpath" value="/usr/local/netbeans-7.0.1/mobility/modules/ext/org-netbeans-modules-j2me-cdc-project.jar" />
    <property name="libs.C3P0.javadoc" value="" />
    <property name="libs.eclipselink.javadoc" value="" />
    <property name="libs.NetBeans MIDP Components WMA.maven-pom" value="" />
    <property name="libs.jsp-compilation.maven-pom" value="" />
    <property name="user.properties.file" value="/home/raffy/.netbeans/7.0/build.properties" />
    <property name="libs.VG_VMI-commons.classpath" value="/home/raffy/NetBeansProjects/Dealership/dependencies/vg-commons.jar" />
    <property name="runtime.encoding" value="UTF-8" />
    <property name="libs.spring-framework.src" value="" />
    <property name="libs.javac-api.maven-pom" value="" />
    <property name="file.encoding.pkg" value="sun.io" />
    <property name="sun.cpu.endian" value="little" />
    <property name="libs.JWSAntTasks.classpath" value="/usr/local/netbeans-7.0.1/java/ant/extra/org-netbeans-modules-javawebstart-anttasks.jar" />
    <property name="libs.JUnit4.10.maven-pom" value="" />
    <property name="libs.spring-framework300.src" value="" />
    <property name="libs.VG_VMI-acc.classpath" value="/home/raffy/NetBeansProjects/Dealership/dependencies/vg-vmi-dealer-acc.jar" />
    <property name="libs.ant-contrib.classpath" value="/usr/local/netbeans-7.0.1/mobility/modules/ext/ant-contrib-1.0b3.jar" />
    <property name="empty.dir" value="/home/raffy/NetBeansProjects/Financing/VG SCFC-financing-cis-coremgr/build/empty" />
    <property name="libs.VG_VMI-commons.javadoc" value="" />
    <property name="version-output" value="java version &quot;1.7" />
    <property name="javadoc.preview" value="true" />
    <property name="ant.file.VG_SCFC-financing-cis-coremgr" value="/home/raffy/NetBeansProjects/Financing/VG SCFC-financing-cis-coremgr/build.xml" />
    <property name="java.home" value="/usr/lib/jvm/java-7-openjdk-i386/jre" />
    <property name="libs.ojec-ant-utils.javadoc" value="" />
    <property name="libs.jsp-compilation.src" value="" />
    <property name="libs.ricoh-ant-utils.src" value="" />
    <property name="libs.spring-webmvc.src" value="" />
    <property name="libs.C3P0.src" value="" />
    <property name="libs.ant-contrib.javadoc" value="" />
    <property name="debug.test.classpath" value="/usr/local/netbeans-7.0.1/java/modules/ext/hibernate/antlr-2.7.6.jar:/usr/local/netbeans-7.0.1/java/modules/ext/hibernate/asm.jar:/usr/local/netbeans-7.0.1/java/modules/ext/hibernate/asm-attrs.jar:/usr/local/netbeans-7.0.1/java/modules/ext/hibernate/cglib-2.1.3.jar:/usr/local/netbeans-7.0.1/java/modules/ext/hibernate/commons-collections-2.1.1.jar:/usr/local/netbeans-7.0.1/ide/modules/ext/commons-logging-1.1.jar:/usr/local/netbeans-7.0.1/java/modules/ext/hibernate/dom4j-1.6.1.jar:/usr/local/netbeans-7.0.1/java/modules/ext/hibernate/ehcache-1.2.3.jar:/usr/local/netbeans-7.0.1/java/modules/ext/hibernate/jdbc2_0-stdext.jar:/usr/local/netbeans-7.0.1/java/modules/ext/hibernate/jta.jar:/usr/local/netbeans-7.0.1/java/modules/ext/hibernate/hibernate3.jar:/usr/local/netbeans-7.0.1/java/modules/ext/hibernate/hibernate-tools.jar:/usr/local/netbeans-7.0.1/java/modules/ext/hibernate/hibernate-annotations.jar:/usr/local/netbeans-7.0.1/java/modules/ext/hibernate/hibernate-commons-annotations.jar:/usr/local/netbeans-7.0.1/java/modules/ext/hibernate/hibernate-entitymanager.jar:/usr/local/netbeans-7.0.1/java/modules/ext/hibernate/javassist.jar:/usr/local/netbeans-7.0.1/java/modules/ext/hibernate/ejb3-persistence.jar:/usr/local/netbeans-7.0.1/ide/modules/ext/mysql-connector-java-5.1.13-bin.jar:/home/raffy/NetBeansProjects/Dealership/dependencies/C3P0/c3p0-0.9.1.2-jdk1.3.jar:/home/raffy/NetBeansProjects/Dealership/dependencies/C3P0/c3p0-0.9.1.2.jar:/home/raffy/NetBeansProjects/Financing/dependencies/vg-hrm-user-lib.jar:/home/raffy/NetBeansProjects/Financing/dependencies/financing-commons-util.jar:/home/raffy/NetBeansProjects/Financing/dependencies/vg-cis-core.jar:/home/raffy/NetBeansProjects/Financing/dependencies/financing-commons.jar:/home/raffy/NetBeansProjects/Dealership/dependencies/Logger/log4j-1.2.15.jar:/home/raffy/NetBeansProjects/Dealership/dependencies/Logger/slf4j-api.jar:/home/raffy/NetBeansProjects/Dealership/dependencies/Logger/slf4j-log4j12.jar:build/classes:/home/raffy/NetBeansProjects/Dealership/dependencies/JUnit4.10/junit-4.10-src.jar:/home/raffy/NetBeansProjects/Dealership/dependencies/JUnit4.10/junit-4.10.jar:/home/raffy/NetBeansProjects/Dealership/dependencies/JUnit4.10/junit-dep-4.10.jar:build/test/classes" />
    <property name="libs.javaee-endorsed-api-6.0.classpath" value="/usr/local/netbeans-7.0.1/enterprise/modules/ext/javaee6-endorsed/javax.annotation.jar:/usr/local/netbeans-7.0.1/enterprise/modules/ext/javaee6-endorsed/jaxb-api-osgi.jar:/usr/local/netbeans-7.0.1/enterprise/modules/ext/javaee6-endorsed/webservices-api-osgi.jar" />
    <property name="libs.JavaCV.maven-pom" value="" />
    <property name="libs.javaee-api-6.0.src" value="" />
    <property name="netbeans.importclass" value="org.netbeans.upgrade.AutoUpgrade" />
    <property name="ant.project.default-target" value="default" />
    <property name="annotation.processing.run.all.processors" value="true" />
    <property name="libs.savaje-ant-utils.classpath" value="/usr/local/netbeans-7.0.1/mobility/modules/ext/org-netbeans-modules-j2me-cdc-project-savaje.jar" />
    <property name="libs.toplink.maven-pom" value="" />
    <property name="libs.VG_VMI-reusable.javadoc" value="" />
    <property name="libs.DataBindingME.maven-pom" value="" />
    <property name="libs.PostgreSQLDriver.javadoc" value="" />
    <property name="libs.restlib.classpath" value="/usr/local/netbeans-7.0.1/enterprise/modules/ext/rest/asm-3.1.jar:/usr/local/netbeans-7.0.1/enterprise/modules/ext/rest/jackson-core-asl-1.1.1.jar:/usr/local/netbeans-7.0.1/enterprise/modules/ext/rest/jersey-client-1.3.jar:/usr/local/netbeans-7.0.1/enterprise/modules/ext/rest/jersey-core-1.3.jar:/usr/local/netbeans-7.0.1/enterprise/modules/ext/rest/jersey-json-1.3.jar:/usr/local/netbeans-7.0.1/enterprise/modules/ext/rest/jersey-multipart-1.3.jar:/usr/local/netbeans-7.0.1/enterprise/modules/ext/rest/jersey-server-1.3.jar:/usr/local/netbeans-7.0.1/enterprise/modules/ext/rest/jersey-spring-1.3.jar:/usr/local/netbeans-7.0.1/enterprise/modules/ext/rest/jettison-1.1.jar:/usr/local/netbeans-7.0.1/enterprise/modules/ext/rest/mimepull-1.4.jar:/usr/local/netbeans-7.0.1/enterprise/modules/ext/rest/oauth-client-1.3.jar:/usr/local/netbeans-7.0.1/enterprise/modules/ext/rest/oauth-signature-1.3.jar:/usr/local/netbeans-7.0.1/ide/modules/ext/jaxb/activation.jar:/usr/local/netbeans-7.0.1/ide/modules/ext/jaxb/api/jaxb-api.jar:/usr/local/netbeans-7.0.1/ide/modules/ext/jaxb/api/jsr173_api.jar" />
    <property name="libs.JMUnit4CLDC11.javadoc" value="/usr/local/netbeans-7.0.1/mobility/modules/docs/jmunit-1.2.1-api.zip" />
    <property name="libs.nsicom-ant-utils.maven-pom" value="" />
    <property name="libs.MySQLDriver.maven-pom" value="" />
    <property name="libs.savaje-ant-utils.src" value="" />
    <property name="libs.Quartz_Scheduler.maven-pom" value="" />
    <property name="libs.spring-webmvc.javadoc" value="" />
    <property name="libs.toplink.src" value="" />
    <property name="libs.EclipseLink-GlassFish-v3.maven-pom" value="" />
    <property name="libs.javaee-web-api-6.0.maven-pom" value="" />
    <property name="libs.cdc-pp-awt-layout.classpath" value="/usr/local/netbeans-7.0.1/mobility/modules/ext/cdc-pp-awt-layout.jar" />
    <property name="libs.cdc-agui-swing-layout.src" value="/usr/local/netbeans-7.0.1/mobility/sources/cdc-agui-swing-layout-src.zip" />
    <property name="libs.VG_VMI-acc.src" value="" />
    <property name="run.classpath" value="/usr/local/netbeans-7.0.1/java/modules/ext/hibernate/antlr-2.7.6.jar:/usr/local/netbeans-7.0.1/java/modules/ext/hibernate/asm.jar:/usr/local/netbeans-7.0.1/java/modules/ext/hibernate/asm-attrs.jar:/usr/local/netbeans-7.0.1/java/modules/ext/hibernate/cglib-2.1.3.jar:/usr/local/netbeans-7.0.1/java/modules/ext/hibernate/commons-collections-2.1.1.jar:/usr/local/netbeans-7.0.1/ide/modules/ext/commons-logging-1.1.jar:/usr/local/netbeans-7.0.1/java/modules/ext/hibernate/dom4j-1.6.1.jar:/usr/local/netbeans-7.0.1/java/modules/ext/hibernate/ehcache-1.2.3.jar:/usr/local/netbeans-7.0.1/java/modules/ext/hibernate/jdbc2_0-stdext.jar:/usr/local/netbeans-7.0.1/java/modules/ext/hibernate/jta.jar:/usr/local/netbeans-7.0.1/java/modules/ext/hibernate/hibernate3.jar:/usr/local/netbeans-7.0.1/java/modules/ext/hibernate/hibernate-tools.jar:/usr/local/netbeans-7.0.1/java/modules/ext/hibernate/hibernate-annotations.jar:/usr/local/netbeans-7.0.1/java/modules/ext/hibernate/hibernate-commons-annotations.jar:/usr/local/netbeans-7.0.1/java/modules/ext/hibernate/hibernate-entitymanager.jar:/usr/local/netbeans-7.0.1/java/modules/ext/hibernate/javassist.jar:/usr/local/netbeans-7.0.1/java/modules/ext/hibernate/ejb3-persistence.jar:/usr/local/netbeans-7.0.1/ide/modules/ext/mysql-connector-java-5.1.13-bin.jar:/home/raffy/NetBeansProjects/Dealership/dependencies/C3P0/c3p0-0.9.1.2-jdk1.3.jar:/home/raffy/NetBeansProjects/Dealership/dependencies/C3P0/c3p0-0.9.1.2.jar:/home/raffy/NetBeansProjects/Financing/dependencies/vg-hrm-user-lib.jar:/home/raffy/NetBeansProjects/Financing/dependencies/financing-commons-util.jar:/home/raffy/NetBeansProjects/Financing/dependencies/vg-cis-core.jar:/home/raffy/NetBeansProjects/Financing/dependencies/financing-commons.jar:/home/raffy/NetBeansProjects/Dealership/dependencies/Logger/log4j-1.2.15.jar:/home/raffy/NetBeansProjects/Dealership/dependencies/Logger/slf4j-api.jar:/home/raffy/NetBeansProjects/Dealership/dependencies/Logger/slf4j-log4j12.jar:build/classes" />
    <property name="libs.hibernate-support.src" value="" />
    <property name="libs.javaee-endorsed-api-6.0.javadoc" value="/usr/local/netbeans-7.0.1/enterprise/docs/javaee6-doc-api.zip" />
    <property name="libs.JFormDesigner-TableLayout.classpath" value="/home/raffy/.netbeans/7.0/redist/TableLayout.jar" />
    <property name="libs.JMUnit4CLDC11.classpath" value="/usr/local/netbeans-7.0.1/mobility/modules/ext/jmunit4cldc11-1.2.1.jar" />
    <property name="libs.nb_svg_midp_components.classpath" value="/usr/local/netbeans-7.0.1/mobility/modules/ext/nb_svg_midp_components.jar" />
    <property name="libs.spring-webmvc3.0.javadoc" value="" />
    <property name="annotation.processing.enabled.in.editor" value="false" />
    <property name="libs.JFormDesigner-Annotations.src" value="" />
    <property name="libs.NetBeans MIDP Components PDA.classpath" value="/usr/local/netbeans-7.0.1/mobility/modules/ext/netbeans_midp_components_pda.jar" />
    <property name="libs.semc-ant-utils.maven-pom" value="" />
    <property name="libs.nokiadeployment.maven-pom" value="" />
    <property name="libs.restapi.src" value="" />
    <property name="libs.NetBeans MIDP Components.javadoc" value="/usr/local/netbeans-7.0.1/mobility/modules/docs/netbeans_midp_components_basic-api.zip" />
    <property name="sun.management.compiler" value="HotSpot Tiered Compilers" />
    <property name="libs.VG_SCFC-cis-core.src" value="" />
    <property name="javadoc.use" value="true" />
    <property name="javac.deprecation" value="false" />
    <property name="sun.java2d.noddraw" value="true" />
    <property name="libs.jsp-compiler.classpath" value="/usr/local/netbeans-7.0.1/enterprise/ant/extra/jspcompile.jar" />
    <property name="libs.VG-SCFC-commons-util.classpath" value="/home/raffy/NetBeansProjects/Financing/dependencies/financing-commons-util.jar" />
    <property name="javac.processorpath" value="/usr/local/netbeans-7.0.1/java/modules/ext/hibernate/antlr-2.7.6.jar:/usr/local/netbeans-7.0.1/java/modules/ext/hibernate/asm.jar:/usr/local/netbeans-7.0.1/java/modules/ext/hibernate/asm-attrs.jar:/usr/local/netbeans-7.0.1/java/modules/ext/hibernate/cglib-2.1.3.jar:/usr/local/netbeans-7.0.1/java/modules/ext/hibernate/commons-collections-2.1.1.jar:/usr/local/netbeans-7.0.1/ide/modules/ext/commons-logging-1.1.jar:/usr/local/netbeans-7.0.1/java/modules/ext/hibernate/dom4j-1.6.1.jar:/usr/local/netbeans-7.0.1/java/modules/ext/hibernate/ehcache-1.2.3.jar:/usr/local/netbeans-7.0.1/java/modules/ext/hibernate/jdbc2_0-stdext.jar:/usr/local/netbeans-7.0.1/java/modules/ext/hibernate/jta.jar:/usr/local/netbeans-7.0.1/java/modules/ext/hibernate/hibernate3.jar:/usr/local/netbeans-7.0.1/java/modules/ext/hibernate/hibernate-tools.jar:/usr/local/netbeans-7.0.1/java/modules/ext/hibernate/hibernate-annotations.jar:/usr/local/netbeans-7.0.1/java/modules/ext/hibernate/hibernate-commons-annotations.jar:/usr/local/netbeans-7.0.1/java/modules/ext/hibernate/hibernate-entitymanager.jar:/usr/local/netbeans-7.0.1/java/modules/ext/hibernate/javassist.jar:/usr/local/netbeans-7.0.1/java/modules/ext/hibernate/ejb3-persistence.jar:/usr/local/netbeans-7.0.1/ide/modules/ext/mysql-connector-java-5.1.13-bin.jar:/home/raffy/NetBeansProjects/Dealership/dependencies/C3P0/c3p0-0.9.1.2-jdk1.3.jar:/home/raffy/NetBeansProjects/Dealership/dependencies/C3P0/c3p0-0.9.1.2.jar:/home/raffy/NetBeansProjects/Financing/dependencies/vg-hrm-user-lib.jar:/home/raffy/NetBeansProjects/Financing/dependencies/financing-commons-util.jar:/home/raffy/NetBeansProjects/Financing/dependencies/vg-cis-core.jar:/home/raffy/NetBeansProjects/Financing/dependencies/financing-commons.jar:/home/raffy/NetBeansProjects/Dealership/dependencies/Logger/log4j-1.2.15.jar:/home/raffy/NetBeansProjects/Dealership/dependencies/Logger/slf4j-api.jar:/home/raffy/NetBeansProjects/Dealership/dependencies/Logger/slf4j-log4j12.jar" />
    <property name="libs.VG-SCFC-commons.javadoc" value="" />
    <property name="libs.spring-webmvc.classpath" value="/usr/local/netbeans-7.0.1/enterprise/modules/ext/spring/spring-webmvc-2.5.6.SEC01.jar" />
    <property name="javac.compilerargs" value="" />
    <property name="ant.file" value="/home/raffy/NetBeansProjects/Financing/VG SCFC-financing-cis-coremgr/build.xml" />
    <property name="libs.JUnit4.10.javadoc" value="" />
    <property name="libs.JasperFontExtension.src" value="" />
    <property name="libs.beans-binding.maven-pom" value="" />
    <property name="libs.VG_VMI-util.src" value="" />
    <property name="libs.jsf12.classpath" value="/usr/local/netbeans-7.0.1/enterprise/modules/ext/jsf-1_2/commons-beanutils.jar:/usr/local/netbeans-7.0.1/enterprise/modules/ext/jsf-1_2/commons-collections.jar:/usr/local/netbeans-7.0.1/enterprise/modules/ext/jsf-1_2/commons-digester.jar:/usr/local/netbeans-7.0.1/enterprise/modules/ext/jsf-1_2/commons-logging.jar:/usr/local/netbeans-7.0.1/enterprise/modules/ext/jsf-1_2/jsf-api.jar:/usr/local/netbeans-7.0.1/enterprise/modules/ext/jsf-1_2/jsf-impl.jar" />
    <property name="libs.VG_SCFC-cis-core.maven-pom" value="" />
    <property name="sun.awt.exception.handler" value="org.netbeans.core.startup.TopLogging$AWTHandler" />
    <property name="libs.VG_VMI-uts.classpath" value="/home/raffy/NetBeansProjects/Dealership/dependencies/vg-vmi-dealer-uts.jar" />
    <property name="libs.restapi.maven-pom" value="" />
    <property name="libs.beans-binding.src" value="" />
    <property name="libs.NetBeans MIDP Components PDA.javadoc" value="/usr/local/netbeans-7.0.1/mobility/modules/docs/netbeans_midp_components_pda-api.zip" />
    <property name="libs.DataBindingME-PIM.javadoc" value="/usr/local/netbeans-7.0.1/mobility/modules/docs/netbeans_databindingme_pim-api.zip" />
    <property name="java.vm.specification.vendor" value="Oracle Corporation" />
    <property name="libs.Java-EE-GlassFish-v3.embedabbleejb" value="" />
    <property name="libs.swing-layout.src" value="/usr/local/netbeans-7.0.1/platform/docs/swing-layout-1.0.4-src.zip" />
    <property name="org.openide.major.version" value="IDE/1" />
    <property name="libs.j2me_ant_ext.src" value="" />
    <property name="java.vm.name" value="OpenJDK Server VM" />
    <property name="netbeans.user" value="/home/raffy/.netbeans/7.0" />
    <property name="javadoc.additionalparam" value="" />
    <property name="libs.ricoh-ant-utils.classpath" value="/usr/local/netbeans-7.0.1/mobility/modules/ext/org-netbeans-modules-j2me-cdc-project-ricoh.jar:/usr/local/netbeans-7.0.1/mobility/modules/ext/RicohAntTasks-2.0.jar:/usr/local/netbeans-7.0.1/mobility/modules/ext/commons-httpclient-3.0.jar:/usr/local/netbeans-7.0.1/ide/modules/ext/commons-logging-1.1.jar:/usr/local/netbeans-7.0.1/mobility/modules/ext/commons-codec-1.3.jar" />
    <property name="java.vendor.url" value="http://java.oracle.com/" />
    <property name="java.io.tmpdir" value="/tmp" />
    <property name="endorsed.classpath.cmd.line.arg" value="" />
    <property name="libs.VG_VMI-inv.src" value="" />
    <property name="libs.JasperFontExtension.classpath" value="/home/raffy/NetBeansProjects/Dealership/dependencies/jasperreports-font-extension.jar" />
    <property name="libs.VG_VMI-uts.src" value="" />
    <property name="libs.JavaMail.maven-pom" value="" />
    <property name="libs.jsp-compiler.src" value="" />
    <property name="libs.JFormDesigner-Loader.src" value="/home/raffy/.netbeans/7.0/redist/jfd-loader-src.zip" />
    <property name="have.sources" value="true" />
    <property name="sun.boot.library.path" value="/usr/lib/jvm/java-7-openjdk-i386/jre/lib/i386" />
    <property name="debug.classpath" value="/usr/local/netbeans-7.0.1/java/modules/ext/hibernate/antlr-2.7.6.jar:/usr/local/netbeans-7.0.1/java/modules/ext/hibernate/asm.jar:/usr/local/netbeans-7.0.1/java/modules/ext/hibernate/asm-attrs.jar:/usr/local/netbeans-7.0.1/java/modules/ext/hibernate/cglib-2.1.3.jar:/usr/local/netbeans-7.0.1/java/modules/ext/hibernate/commons-collections-2.1.1.jar:/usr/local/netbeans-7.0.1/ide/modules/ext/commons-logging-1.1.jar:/usr/local/netbeans-7.0.1/java/modules/ext/hibernate/dom4j-1.6.1.jar:/usr/local/netbeans-7.0.1/java/modules/ext/hibernate/ehcache-1.2.3.jar:/usr/local/netbeans-7.0.1/java/modules/ext/hibernate/jdbc2_0-stdext.jar:/usr/local/netbeans-7.0.1/java/modules/ext/hibernate/jta.jar:/usr/local/netbeans-7.0.1/java/modules/ext/hibernate/hibernate3.jar:/usr/local/netbeans-7.0.1/java/modules/ext/hibernate/hibernate-tools.jar:/usr/local/netbeans-7.0.1/java/modules/ext/hibernate/hibernate-annotations.jar:/usr/local/netbeans-7.0.1/java/modules/ext/hibernate/hibernate-commons-annotations.jar:/usr/local/netbeans-7.0.1/java/modules/ext/hibernate/hibernate-entitymanager.jar:/usr/local/netbeans-7.0.1/java/modules/ext/hibernate/javassist.jar:/usr/local/netbeans-7.0.1/java/modules/ext/hibernate/ejb3-persistence.jar:/usr/local/netbeans-7.0.1/ide/modules/ext/mysql-connector-java-5.1.13-bin.jar:/home/raffy/NetBeansProjects/Dealership/dependencies/C3P0/c3p0-0.9.1.2-jdk1.3.jar:/home/raffy/NetBeansProjects/Dealership/dependencies/C3P0/c3p0-0.9.1.2.jar:/home/raffy/NetBeansProjects/Financing/dependencies/vg-hrm-user-lib.jar:/home/raffy/NetBeansProjects/Financing/dependencies/financing-commons-util.jar:/home/raffy/NetBeansProjects/Financing/dependencies/vg-cis-core.jar:/home/raffy/NetBeansProjects/Financing/dependencies/financing-commons.jar:/home/raffy/NetBeansProjects/Dealership/dependencies/Logger/log4j-1.2.15.jar:/home/raffy/NetBeansProjects/Dealership/dependencies/Logger/slf4j-api.jar:/home/raffy/NetBeansProjects/Dealership/dependencies/Logger/slf4j-log4j12.jar:build/classes" />
    <property name="javadoc.private" value="false" />
    <property name="libs.VG-hrm-user-lib.classpath" value="/home/raffy/NetBeansProjects/Financing/dependencies/vg-hrm-user-lib.jar" />
    <property name="test.src.dir" value="test" />
    <property name="libs.jsf20.classpath" value="/usr/local/netbeans-7.0.1/enterprise/modules/ext/jsf-2_1/jsf-api.jar:/usr/local/netbeans-7.0.1/enterprise/modules/ext/jsf-2_1/jsf-impl.jar" />
    <property name="ap.processors.internal" value="" />
    <property name="libs.VG_VMI-util.classpath" value="/home/raffy/NetBeansProjects/Dealership/dependencies/vg-vmi-dealer-utils.jar" />
    <property name="meta.inf.dir" value="src/META-INF" />
    <property name="javadoc.encoding.used" value="UTF-8" />
    <property name="libs.DataBindingME-SVG.src" value="/usr/local/netbeans-7.0.1/mobility/sources/netbeans_databindingme_svg-src.zip" />
    <property name="dist.jar" value="dist/VG SCFC-financing-cis-coremgr.jar" />
    <property name="java.runtime.name" value="OpenJDK Runtime Environment" />
    <property name="libs.VG-SCFC-commons-util.javadoc" value="" />
    <property name="ant.project.name" value="VG_SCFC-financing-cis-coremgr" />
    <property name="libs.VG_VMI-rmi-lib.maven-pom" value="" />
    <property name="libs.VG_VMI-reusable.maven-pom" value="" />
    <property name="netbeans.hash.code" value="unique=NB_CND_GFMOD_GROOVY_JAVA_MOB_PHP_WEBEE06d92155d-44b1-4dbb-9fb5-d216271e633c_56a6dad7-9ff3-4786-a9b2-181cfd5ff47f" />
    <property name="libs.JavaCV.javadoc" value="" />
    <property name="libs.jsp-compilation-syscp.maven-pom" value="" />
    <property name="libs.Logger.classpath" value="/home/raffy/NetBeansProjects/Dealership/dependencies/Logger/log4j-1.2.15.jar:/home/raffy/NetBeansProjects/Dealership/dependencies/Logger/slf4j-api.jar:/home/raffy/NetBeansProjects/Dealership/dependencies/Logger/slf4j-log4j12.jar" />
    <property name="sun.cpu.isalist" value="" />
    <property name="libs.j2me_ant_ext.maven-pom" value="" />
    <property name="libs.CopyLibs.javadoc" value="" />
    <property name="org.openide.specification.version" value="6.2" />
    <property name="libs.ActiveSync.javadoc" value="" />
    <property name="libs.hibernate-support.classpath" value="/usr/local/netbeans-7.0.1/java/modules/ext/hibernate/antlr-2.7.6.jar:/usr/local/netbeans-7.0.1/java/modules/ext/hibernate/asm.jar:/usr/local/netbeans-7.0.1/java/modules/ext/hibernate/asm-attrs.jar:/usr/local/netbeans-7.0.1/java/modules/ext/hibernate/cglib-2.1.3.jar:/usr/local/netbeans-7.0.1/java/modules/ext/hibernate/commons-collections-2.1.1.jar:/usr/local/netbeans-7.0.1/ide/modules/ext/commons-logging-1.1.jar:/usr/local/netbeans-7.0.1/java/modules/ext/hibernate/dom4j-1.6.1.jar:/usr/local/netbeans-7.0.1/java/modules/ext/hibernate/ehcache-1.2.3.jar:/usr/local/netbeans-7.0.1/java/modules/ext/hibernate/jdbc2_0-stdext.jar:/usr/local/netbeans-7.0.1/java/modules/ext/hibernate/jta.jar:/usr/local/netbeans-7.0.1/java/modules/ext/hibernate/hibernate3.jar:/usr/local/netbeans-7.0.1/java/modules/ext/hibernate/hibernate-tools.jar:/usr/local/netbeans-7.0.1/java/modules/ext/hibernate/hibernate-annotations.jar:/usr/local/netbeans-7.0.1/java/modules/ext/hibernate/hibernate-commons-annotations.jar:/usr/local/netbeans-7.0.1/java/modules/ext/hibernate/hibernate-entitymanager.jar:/usr/local/netbeans-7.0.1/java/modules/ext/hibernate/javassist.jar" />
    <property name="libs.DataBindingME-PIM.classpath" value="/usr/local/netbeans-7.0.1/mobility/modules/ext/netbeans_databindingme_pim.jar" />
    <property name="libs.VG_VMI-pos.maven-pom" value="" />
    <property name="user.home" value="/home/raffy" />
    <property name="annotation.processing.processors.list" value="" />
    <property name="libs.primefaces.maven-pom" value="" />
    <property name="debug-args-line" value="-Xdebug" />
    <property name="libs.NetBeans MIDP Components.classpath" value="/usr/local/netbeans-7.0.1/mobility/modules/ext/netbeans_midp_components_basic.jar" />
    <property name="libs.javaee-api-6.0.maven-pom" value="" />
    <property name="libs.JWSAntTasks.src" value="" />
    <property name="jar.index" value="false" />
    <property name="libs.CopyLibs.maven-pom" value="" />
    <property name="libs.absolutelayout.javadoc" value="" />
    <property name="libs.spring-framework300.javadoc" value="" />
    <property name="libs.hibernate-persistence.maven-pom" value="" />
    <property name="java.specification.name" value="Java Platform API Specification" />
    <property name="libs.swing-app-framework.maven-pom" value="" />
    <property name="libs.jakarta_slide_ant_webdav.maven-pom" value="" />
    <property name="libs.NetBeans MIDP Components WMA.classpath" value="/usr/local/netbeans-7.0.1/mobility/modules/ext/netbeans_midp_components_wma.jar" />
    <property name="libs.JUnit4.10.src" value="" />
    <property name="libs.JFormDesigner-JGoodiesUIFlite.maven-pom" value="" />
    <property name="libs.VG_VMI-commons.src" value="" />
    <property name="libs.sjmc-ant-utils.src" value="" />
    <property name="java.specification.vendor" value="Oracle Corporation" />
    <property name="libs.cdc-agui-swing-layout.javadoc" value="" />
    <property name="libs.javac-api.classpath" value="/usr/local/netbeans-7.0.1/java/modules/ext/javac-api-nb-7.0-b07.jar" />
    <property name="java.version" value="1.7.0_25" />
    <property name="libs.nokiaS80-ant-utils.classpath" value="/usr/local/netbeans-7.0.1/mobility/modules/ext/org-netbeans-modules-j2me-cdc-project-nokiaS80.jar" />
    <property name="javadoc.version" value="false" />
    <property name="libs.NetBeans MIDP Components WMA.javadoc" value="/usr/local/netbeans-7.0.1/mobility/modules/docs/netbeans_midp_components_wma-api.zip" />
    <property name="libs.MySQLDriver.javadoc" value="" />
    <property name="org.openide.version" value="deprecated" />
    <property name="libs.restlib_gfv3ee6.maven-pom" value="" />
    <property name="source.encoding" value="UTF-8" />
    <property name="libs.JasperReport4.0.src" value="" />
    <property name="libs.ActiveSync.maven-pom" value="" />
    <property name="ap.cmd.line.internal" value="" />
    <property name="libs.C3P0.classpath" value="/home/raffy/NetBeansProjects/Dealership/dependencies/C3P0/c3p0-0.9.1.2-jdk1.3.jar:/home/raffy/NetBeansProjects/Dealership/dependencies/C3P0/c3p0-0.9.1.2.jar" />
    <property name="libs.eclipselinkmodelgen.maven-pom" value="" />
    <property name="libs.VG-SCFC-commons.src" value="" />
    <property name="libs.jsp-compilation-syscp.javadoc" value="" />
    <property name="libs.Logger.src" value="" />
    <property name="libs.eclipselinkmodelgen.javadoc" value="" />
    <property name="libs.metro.javadoc" value="/usr/local/netbeans-7.0.1/enterprise/docs/metro-1.4-doc.zip" />
    <property name="libs.struts.maven-pom" value="" />
    <property name="netbeans.home+have.tests" value="true" />
    <property name="libs.VG_VMI-pos.src" value="" />
    <property name="annotation.processing.processor.options" value="" />
    <property name="libs.JFormDesigner-FormLayout.src" value="/home/raffy/.netbeans/7.0/redist/jgoodies-forms-src.zip:/home/raffy/.netbeans/7.0/redist/jgoodies-common-src.zip" />
    <property name="libs.jaxb.src" value="" />
    <property name="libs.Java-EE-GlassFish-v3.wsgenerate" value="" />
    <property name="work.dir" value="/home/raffy/NetBeansProjects/Financing/VG SCFC-financing-cis-coremgr" />
    <property name="libs.cdc-ant-utils.src" value="" />
    <property name="libs.jaxb.classpath" value="/usr/local/netbeans-7.0.1/ide/modules/ext/jaxb/jaxb-impl.jar:/usr/local/netbeans-7.0.1/ide/modules/ext/jaxb/jaxb-xjc.jar:/usr/local/netbeans-7.0.1/ide/modules/ext/jaxb/jaxb1-impl.jar:/usr/local/netbeans-7.0.1/ide/modules/ext/jaxb/activation.jar:/usr/local/netbeans-7.0.1/ide/modules/ext/jaxb/api/jaxb-api.jar:/usr/local/netbeans-7.0.1/ide/modules/ext/jaxb/api/jsr173_api.jar" />
    <property name="libs.JFormDesigner-IntelliJIDEAGridLayout.maven-pom" value="" />
    <property name="libs.VG_VMI-inv.javadoc" value="" />
    <property name="libs.VG-SCFC-commons.classpath" value="/home/raffy/NetBeansProjects/Financing/dependencies/financing-commons.jar" />
    <property name="do.depend" value="false" />
    <property name="libs.VG_VMI-hrm.src" value="" />
    <property name="dist.javadoc.dir" value="dist/javadoc" />
    <property name="libs.swing-layout.classpath" value="/usr/local/netbeans-7.0.1/platform/modules/ext/swing-layout-1.0.4.jar" />
    <property name="libs.spring-webmvc3.0.classpath" value="/usr/local/netbeans-7.0.1/java/modules/ext/spring-3.0/spring-webmvc-3.0.2.RELEASE.jar" />
    <property name="libs.restlib.src" value="" />
    <property name="libs.JasperReport4.0.maven-pom" value="" />
    <property name="javac.source" value="1.6" />
    <property name="libs.JasperReports.maven-pom" value="" />
    <property name="build.generated.dir" value="build/generated" />
    <property name="libs.JFormDesigner-Annotations.maven-pom" value="" />
    <property name="line.separator" value="&#xa;" />
    <property name="libs.hibernate-persistence.src" value="" />
    <property name="java.specification.version" value="1.7" />
    <property name="libs.nb_svg_midp_components.javadoc" value="/usr/local/netbeans-7.0.1/mobility/modules/docs/nb_svg_midp_components-api.zip" />
    <property name="libs.jaxws21.maven-pom" value="" />
    <property name="java.vm.info" value="mixed mode" />
    <property name="libs.LTI_CIVIL.javadoc" value="" />
    <property name="libs.VG_VMI-pos.javadoc" value="" />
    <property name="libs.cdc-ant-utils.javadoc" value="" />
    <property name="junit.forkmode" value="perTest" />
    <property name="libs.JavaMail.src" value="" />
    <property name="libs.Quartz_Scheduler.classpath" value="/home/raffy/NetBeansProjects/dependencies/Quartz/quartz-2.0.2.jar:/home/raffy/NetBeansProjects/dependencies/Quartz/quartz-all-2.0.2.jar:/home/raffy/NetBeansProjects/dependencies/Quartz/quartz-backward-compat-2.0.2.jar:/home/raffy/NetBeansProjects/dependencies/Quartz/quartz-commonj-2.0.2.jar:/home/raffy/NetBeansProjects/dependencies/Quartz/quartz-examples-2.0.2.jar:/home/raffy/NetBeansProjects/dependencies/Quartz/quartz-jboss-2.0.2.jar:/home/raffy/NetBeansProjects/dependencies/Quartz/quartz-oracle-2.0.2.jar:/home/raffy/NetBeansProjects/dependencies/Quartz/quartz-weblogic-2.0.2.jar" />
    <property name="ant.file.type.VG_SCFC-financing-cis-coremgr" value="file" />
    <property name="libs.JFormDesigner-Annotations.javadoc" value="/home/raffy/.netbeans/7.0/redist/jfd-annotations-javadoc.zip" />
    <property name="libs.VG-hrm-user-lib.javadoc" value="" />
    <property name="libs.JFormDesigner-Loader.maven-pom" value="" />
    <property name="libs.ojec-ant-utils.classpath" value="/usr/local/netbeans-7.0.1/mobility/modules/ext/org-netbeans-modules-j2me-cdc-project-ojec.jar" />
    <property name="libs.spring-framework.maven-pom" value="" />
    <property name="libs.JasperReport4.0.javadoc" value="" />
    <property name="sun.boot.class.path" value="/usr/lib/jvm/java-7-openjdk-i386/jre/lib/resources.jar:/usr/lib/jvm/java-7-openjdk-i386/jre/lib/rt.jar:/usr/lib/jvm/java-7-openjdk-i386/jre/lib/sunrsasign.jar:/usr/lib/jvm/java-7-openjdk-i386/jre/lib/jsse.jar:/usr/lib/jvm/java-7-openjdk-i386/jre/lib/jce.jar:/usr/lib/jvm/java-7-openjdk-i386/jre/lib/charsets.jar:/usr/lib/jvm/java-7-openjdk-i386/jre/lib/netx.jar:/usr/lib/jvm/java-7-openjdk-i386/jre/lib/plugin.jar:/usr/lib/jvm/java-7-openjdk-i386/jre/lib/rhino.jar:/usr/lib/jvm/java-7-openjdk-i386/jre/lib/jfr.jar:/usr/lib/jvm/java-7-openjdk-i386/jre/classes" />
    <property name="javac.target" value="1.6" />
    <property name="built-jar.properties" value="/home/raffy/NetBeansProjects/Financing/VG SCFC-financing-cis-coremgr/build/built-jar.properties" />
    <property name="libs.VG-hrm-user-lib.src" value="" />
    <property name="build.test.classes.dir" value="build/test/classes" />
    <property name="src.dir" value="src" />
    <property name="libs.VG_VMI-hrm.maven-pom" value="" />
    <property name="annotation.processing.enabled" value="true" />
    <property name="libs.jsf20.src" value="" />
    <property name="libs.jsf12.src" value="" />
    <property name="libs.DataBindingME-SVG.maven-pom" value="" />
    <property name="libs.nokiadeployment.src" value="" />
    <property name="libs.savaje-ant-utils.javadoc" value="" />
    <property name="libs.struts.javadoc" value="/usr/local/netbeans-7.0.1/enterprise/docs/struts-1.3.8-javadoc.zip" />
    <property name="libs.VG_VMI-rmi-lib.src" value="" />
    <property name="libs.JFormDesigner-JGoodiesUIFlite.javadoc" value="/home/raffy/.netbeans/7.0/redist/jgoodies-uif-lite-javadoc.zip" />
    <property name="libs.Comet-GlassFish-v3.classpath" value="/home/raffy/GlassFish_Server/glassfish/modules/grizzly-comet.jar" />
    <property name="libs.cdc-ant-utils.maven-pom" value="" />
    <property name="libs.restlib_gfv3ee6.javadoc" value="/usr/local/netbeans-7.0.1/enterprise/docs/jsr311-api-1.1.1-javadoc.zip:/usr/local/netbeans-7.0.1/enterprise/docs/jersey-client-1.3-javadoc.zip:/usr/local/netbeans-7.0.1/enterprise/docs/jersey-json-1.3-javadoc.zip:/usr/local/netbeans-7.0.1/enterprise/docs/jersey-multipart-1.3-javadoc.zip" />
    <property name="libs.VG_VMI-reusable.src" value="" />
    <property name="libs.primefaces.src" value="" />
    <property name="libs.cdc-agui-swing-layout.classpath" value="/usr/local/netbeans-7.0.1/mobility/modules/ext/cdc-agui-swing-layout.jar" />
    <property name="dist.dir" value="dist" />
    <property name="libs.groovy-all.javadoc" value="" />
    <property name="libs.VG_VMI-commons.maven-pom" value="" />
    <property name="javac.fork" value="false" />
    <property name="libs.sjmc-ant-utils.classpath" value="/usr/local/netbeans-7.0.1/mobility/modules/ext/org-netbeans-modules-j2me-cdc-project-sjmc.jar" />
    <property name="libs.groovy-all.classpath" value="/usr/local/netbeans-7.0.1/groovy/modules/ext/groovy-all.jar" />
    <property name="libs.JMUnit4CLDC10.classpath" value="/usr/local/netbeans-7.0.1/mobility/modules/ext/jmunit4cldc10-1.2.1.jar" />
    <property name="java.awt.printerjob" value="sun.print.PSPrinterJob" />
    <property name="default.javac.source" value="1.7" />
    <property name="libs.JFormDesigner-FormLayout.maven-pom" value="" />
    <property name="debug-transport-by-os" value="dt_socket" />
    <property name="libs.MySQLDriver.src" value="" />
    <property name="sun.jnu.encoding" value="UTF-8" />
    <property name="libs.Quartz_Scheduler.javadoc" value="" />
    <property name="libs.VG_VMI-acc.maven-pom" value="" />
    <property name="libs.ant-contrib.maven-pom" value="" />
    <property name="libs.nokiadeployment.javadoc" value="" />
    <property name="build.test.results.dir" value="build/test/results" />
    <property name="java.runtime.version" value="1.7.0_25-b30" />
    <property name="libs.ejb3-persistence.javadoc" value="" />
    <property name="libs.NetBeans MIDP Components.src" value="/usr/local/netbeans-7.0.1/mobility/sources/netbeans_midp_components_basic-src.zip" />
    <property name="jna.platform.library.path" value="/usr/lib32:/usr/lib:/lib" />
    <property name="libs.sjmc-ant-utils.javadoc" value="" />
    <property name="default.javac.target" value="1.7" />
    <property name="libs.Java-EE-GlassFish-v3.src" value="" />
    <property name="user.timezone" value="" />
    <property name="do.jar" value="true" />
    <property name="libs.ant-contrib.src" value="" />
    <property name="libs.javaee-endorsed-api-6.0.maven-pom" value="" />
    <property name="netbeans.dirs" value="/usr/local/netbeans-7.0.1/nb:/usr/local/netbeans-7.0.1/ergonomics:/usr/local/netbeans-7.0.1/ide:/usr/local/netbeans-7.0.1/java:/usr/local/netbeans-7.0.1/bin/../xml:/usr/local/netbeans-7.0.1/apisupport:/usr/local/netbeans-7.0.1/bin/../webcommon:/usr/local/netbeans-7.0.1/websvccommon:/usr/local/netbeans-7.0.1/enterprise:/usr/local/netbeans-7.0.1/mobility:/usr/local/netbeans-7.0.1/profiler:/usr/local/netbeans-7.0.1/ruby:/usr/local/netbeans-7.0.1/bin/../python:/usr/local/netbeans-7.0.1/php:/usr/local/netbeans-7.0.1/bin/../visualweb:/usr/local/netbeans-7.0.1/bin/../soa:/usr/local/netbeans-7.0.1/bin/../identity:/usr/local/netbeans-7.0.1/bin/../uml:/usr/local/netbeans-7.0.1/harness:/usr/local/netbeans-7.0.1/cnd:/usr/local/netbeans-7.0.1/dlight:/usr/local/netbeans-7.0.1/groovy:/usr/local/netbeans-7.0.1/bin/../extra:/usr/local/netbeans-7.0.1/bin/../javafx:/usr/local/netbeans-7.0.1/bin/../javacard:" />
    <property name="libs.jsf20.javadoc" value="/usr/local/netbeans-7.0.1/enterprise/docs/javaee6-doc-api.zip" />
    <property name="libs.restlib_gfv3ee6.src" value="" />
    <property name="java.ext.dirs" value="/usr/lib/jvm/java-7-openjdk-i386/jre/lib/ext:/usr/java/packages/lib/ext" />
    <property name="libs.JasperFontExtension.javadoc" value="" />
    <property name="libs.metro.src" value="" />
    <property name="endorsed.classpath" value="" />
    <property name="libs.semc-ant-utils.src" value="" />
    <property name="libs.savaje-ant-utils.maven-pom" value="" />
    <property name="libs.absolutelayout.classpath" value="/home/raffy/.netbeans/7.0/modules/ext/AbsoluteLayout.jar" />
    <property name="excludes" value="" />
    <property name="platforms.JDK_1.6.bootclasspath" value="/usr/lib/jvm/java-6-openjdk/jre/lib/resources.jar:/usr/lib/jvm/java-6-openjdk/jre/lib/rt.jar:/usr/lib/jvm/java-6-openjdk/jre/lib/sunrsasign.jar:/usr/lib/jvm/java-6-openjdk/jre/lib/jsse.jar:/usr/lib/jvm/java-6-openjdk/jre/lib/jce.jar:/usr/lib/jvm/java-6-openjdk/jre/lib/charsets.jar:/usr/lib/jvm/java-6-openjdk/jre/lib/netx.jar:/usr/lib/jvm/java-6-openjdk/jre/lib/plugin.jar:/usr/lib/jvm/java-6-openjdk/jre/lib/rhino.jar:/usr/lib/jvm/java-6-openjdk/jre/lib/modules/jdk.boot.jar:/usr/lib/jvm/java-6-openjdk/jre/classes:/usr/lib/jvm/java-6-openjdk/jre/lib/ext/dnsns.jar:/usr/lib/jvm/java-6-openjdk/jre/lib/ext/sunpkcs11.jar:/usr/lib/jvm/java-6-openjdk/jre/lib/ext/gnome-java-bridge.jar:/usr/lib/jvm/java-6-openjdk/jre/lib/ext/sunjce_provider.jar:/usr/lib/jvm/java-6-openjdk/jre/lib/ext/localedata.jar:/usr/lib/jvm/java-6-openjdk/jre/lib/ext/pulse-java.jar" />
    <property name="libs.metro.classpath" value="/usr/local/netbeans-7.0.1/ide/modules/ext/jaxb/activation.jar:/usr/local/netbeans-7.0.1/enterprise/modules/ext/metro/webservices-api.jar:/usr/local/netbeans-7.0.1/enterprise/modules/ext/metro/webservices-extra-api.jar:/usr/local/netbeans-7.0.1/enterprise/modules/ext/metro/webservices-extra.jar:/usr/local/netbeans-7.0.1/enterprise/modules/ext/metro/webservices-rt.jar:/usr/local/netbeans-7.0.1/enterprise/modules/ext/metro/webservices-tools.jar" />
    <property name="libs.restlib.maven-pom" value="" />
    <property name="libs.DataBindingME.javadoc" value="/usr/local/netbeans-7.0.1/mobility/modules/docs/netbeans_databindingme-api.zip" />
    <property name="libs.JavaCV.src" value="" />
    <property name="apple.laf.useScreenMenuBar" value="true" />
    <property name="libs.VG_VMI-acc.javadoc" value="" />
    <property name="java.class.path" value="/usr/local/netbeans-7.0.1/java/modules/ext/hibernate/antlr-2.7.6.jar:/usr/local/netbeans-7.0.1/java/modules/ext/hibernate/asm.jar:/usr/local/netbeans-7.0.1/java/modules/ext/hibernate/asm-attrs.jar:/usr/local/netbeans-7.0.1/java/modules/ext/hibernate/cglib-2.1.3.jar:/usr/local/netbeans-7.0.1/java/modules/ext/hibernate/commons-collections-2.1.1.jar:/usr/local/netbeans-7.0.1/ide/modules/ext/commons-logging-1.1.jar:/usr/local/netbeans-7.0.1/java/modules/ext/hibernate/dom4j-1.6.1.jar:/usr/local/netbeans-7.0.1/java/modules/ext/hibernate/ehcache-1.2.3.jar:/usr/local/netbeans-7.0.1/java/modules/ext/hibernate/jdbc2_0-stdext.jar:/usr/local/netbeans-7.0.1/java/modules/ext/hibernate/jta.jar:/usr/local/netbeans-7.0.1/java/modules/ext/hibernate/hibernate3.jar:/usr/local/netbeans-7.0.1/java/modules/ext/hibernate/hibernate-tools.jar:/usr/local/netbeans-7.0.1/java/modules/ext/hibernate/hibernate-annotations.jar:/usr/local/netbeans-7.0.1/java/modules/ext/hibernate/hibernate-commons-annotations.jar:/usr/local/netbeans-7.0.1/java/modules/ext/hibernate/hibernate-entitymanager.jar:/usr/local/netbeans-7.0.1/java/modules/ext/hibernate/javassist.jar:/usr/local/netbeans-7.0.1/java/modules/ext/hibernate/ejb3-persistence.jar:/usr/local/netbeans-7.0.1/ide/modules/ext/mysql-connector-java-5.1.13-bin.jar:/home/raffy/NetBeansProjects/Dealership/dependencies/C3P0/c3p0-0.9.1.2-jdk1.3.jar:/home/raffy/NetBeansProjects/Dealership/dependencies/C3P0/c3p0-0.9.1.2.jar:/home/raffy/NetBeansProjects/Financing/dependencies/vg-hrm-user-lib.jar:/home/raffy/NetBeansProjects/Financing/dependencies/financing-commons-util.jar:/home/raffy/NetBeansProjects/Financing/dependencies/vg-cis-core.jar:/home/raffy/NetBeansProjects/Financing/dependencies/financing-commons.jar:/home/raffy/NetBeansProjects/Dealership/dependencies/Logger/log4j-1.2.15.jar:/home/raffy/NetBeansProjects/Dealership/dependencies/Logger/slf4j-api.jar:/home/raffy/NetBeansProjects/Dealership/dependencies/Logger/slf4j-log4j12.jar:/home/raffy/NetBeansProjects/Financing/VG SCFC-financing-cis-coremgr/build/classes:/home/raffy/NetBeansProjects/Dealership/dependencies/JUnit4.10/junit-4.10-src.jar:/home/raffy/NetBeansProjects/Dealership/dependencies/JUnit4.10/junit-4.10.jar:/home/raffy/NetBeansProjects/Dealership/dependencies/JUnit4.10/junit-dep-4.10.jar:/home/raffy/NetBeansProjects/Financing/VG SCFC-financing-cis-coremgr/build/test/classes:/usr/local/netbeans-7.0.1/java/ant/lib/ant-launcher.jar:/usr/local/netbeans-7.0.1/java/ant/lib/ant.jar:/usr/local/netbeans-7.0.1/java/ant/lib/ant-junit.jar:/usr/local/netbeans-7.0.1/java/ant/lib/ant-junit4.jar" />
    <property name="libs.LTI_CIVIL.classpath" value="/home/raffy/NetBeansProjects/dependencies/LTI CIVIL/lti-civil-no_s_w_t.jar:/home/raffy/NetBeansProjects/dependencies/LTI CIVIL/lti-civil-noswt.jar:/home/raffy/NetBeansProjects/dependencies/LTI CIVIL/lti-civil-noutils.jar:/home/raffy/NetBeansProjects/dependencies/LTI CIVIL/lti-civil.jar" />
    <property name="libs.absolutelayout.src" value="" />
    <property name="libs.cdc-pp-awt-layout.maven-pom" value="" />
    <property name="os.version" value="3.2.0-51-generic" />
    <property name="application.args" value="" />
    <property name="libs.EclipseLink-GlassFish-v3.javadoc" value="/usr/local/netbeans-7.0.1/enterprise/docs/javaee6-doc-api.zip" />
    <property name="libs.JMUnit4CLDC11.maven-pom" value="" />
    <property name="sun.awt.enableExtraMouseButtons" value="true" />
    <property name="libs.VG_VMI-util.javadoc" value="" />
    <property name="libs.toplink.javadoc" value="" />
    <property name="libs.nb_svg_midp_components.maven-pom" value="" />
    <property name="libs.JFormDesigner-IntelliJIDEAGridLayout.src" value="/home/raffy/.netbeans/7.0/redist/intellij_forms_rt_src.zip" />
    <property name="libs.Comet-GlassFish-v3.src" value="" />
    <property name="libs.ricoh-ant-utils.javadoc" value="" />
    <property name="libs.NetBeans MIDP Components PDA.maven-pom" value="" />
    <property name="libs.Quartz_Scheduler.src" value="" />
    <property name="libs.restlib.javadoc" value="/usr/local/netbeans-7.0.1/enterprise/docs/jersey-client-1.3-javadoc.zip:/usr/local/netbeans-7.0.1/enterprise/docs/jersey-core-1.1.5.1-javadoc.zip:/usr/local/netbeans-7.0.1/enterprise/docs/jersey-json-1.3-javadoc.zip:/usr/local/netbeans-7.0.1/enterprise/docs/jersey-multipart-1.3-javadoc.zip:/usr/local/netbeans-7.0.1/enterprise/docs/jersey-spring-1.3-javadoc.zip:/usr/local/netbeans-7.0.1/enterprise/docs/oauth-client-1.3-javadoc.zip:/usr/local/netbeans-7.0.1/enterprise/docs/oauth-signature-1.3-javadoc.zip" />
    <property name="libs.JFormDesigner-TableLayout.javadoc" value="/home/raffy/.netbeans/7.0/redist/TableLayout-javadoc.jar" />
    <property name="libs.VG_VMI-hrm.javadoc" value="" />
    <property name="libs.eclipselink.classpath" value="/usr/local/netbeans-7.0.1/java/modules/ext/eclipselink/eclipselink-2.2.0.jar:/usr/local/netbeans-7.0.1/java/modules/ext/eclipselink/eclipselink-javax.persistence-2.0.jar" />
    <property name="java.awt.graphicsenv" value="sun.awt.X11GraphicsEnvironment" />
    <property name="libs.beans-binding.javadoc" value="/usr/local/netbeans-7.0.1/java/docs/beansbinding-1.2.1-doc.zip" />
    <property name="libs.Java-EE-GlassFish-v3.classpath" value="/home/raffy/GlassFish_Server/glassfish/modules/jstl-impl.jar:/home/raffy/GlassFish_Server/glassfish/modules/javax.management.j2ee.jar:/home/raffy/GlassFish_Server/glassfish/modules/javax.security.auth.message.jar:/home/raffy/GlassFish_Server/glassfish/modules/endorsed/javax.annotation.jar:/home/raffy/GlassFish_Server/glassfish/modules/javax.servlet.jsp.jar:/home/raffy/GlassFish_Server/glassfish/modules/endorsed/webservices-api-osgi.jar:/home/raffy/GlassFish_Server/glassfish/modules/javax.ejb.jar:/home/raffy/GlassFish_Server/glassfish/modules/javax.security.jacc.jar:/home/raffy/GlassFish_Server/glassfish/modules/endorsed/jaxb-api-osgi.jar:/home/raffy/GlassFish_Server/glassfish/modules/javax.mail.jar:/home/raffy/GlassFish_Server/glassfish/modules/jersey-core.jar:/home/raffy/GlassFish_Server/glassfish/modules/weld-osgi-bundle.jar:/home/raffy/GlassFish_Server/glassfish/modules/jsf-impl.jar:/home/raffy/GlassFish_Server/glassfish/modules/jaxrpc-api-osgi.jar:/home/raffy/GlassFish_Server/glassfish/modules/javax.servlet.jsp.jstl.jar:/home/raffy/GlassFish_Server/glassfish/modules/javax.enterprise.deploy.jar:/home/raffy/GlassFish_Server/glassfish/modules/bean-validator.jar:/home/raffy/GlassFish_Server/glassfish/modules/javax.servlet.jar:/home/raffy/GlassFish_Server/glassfish/modules/jsf-api.jar:/home/raffy/GlassFish_Server/glassfish/modules/javax.jms.jar:/home/raffy/GlassFish_Server/glassfish/modules/jaxr-api-osgi.jar:/home/raffy/GlassFish_Server/glassfish/modules/javax.transaction.jar:/home/raffy/GlassFish_Server/glassfish/modules/javax.resource.jar:/home/raffy/GlassFish_Server/glassfish/modules/javax.persistence.jar:/home/raffy/GlassFish_Server/glassfish/modules/web-core.jar:/home/raffy/GlassFish_Server/glassfish/modules/jackson-core-asl.jar:/home/raffy/GlassFish_Server/glassfish/modules/jackson-jaxrs.jar:/home/raffy/GlassFish_Server/glassfish/modules/jackson-mapper-asl.jar:/home/raffy/GlassFish_Server/glassfish/modules/jersey-client.jar:/home/raffy/GlassFish_Server/glassfish/modules/jersey-core.jar:/home/raffy/GlassFish_Server/glassfish/modules/jersey-gf-server.jar:/home/raffy/GlassFish_Server/glassfish/modules/jersey-json.jar:/home/raffy/GlassFish_Server/glassfish/modules/jersey-multipart.jar:/home/raffy/GlassFish_Server/glassfish/modules/jettison.jar:/home/raffy/GlassFish_Server/glassfish/modules/mimepull.jar" />
    <property name="java.vm.vendor" value="Oracle Corporation" />
    <property name="libs.CopyLibs.classpath" value="/usr/local/netbeans-7.0.1/java/ant/extra/org-netbeans-modules-java-j2seproject-copylibstask.jar" />
    <property name="libs.spring-framework300.classpath" value="/usr/local/netbeans-7.0.1/ide/modules/ext/commons-logging-1.1.jar:/usr/local/netbeans-7.0.1/java/modules/ext/cglib-2.2.jar:/usr/local/netbeans-7.0.1/java/modules/ext/spring-3.0/spring-aop-3.0.2.RELEASE.jar:/usr/local/netbeans-7.0.1/java/modules/ext/spring-3.0/spring-asm-3.0.2.RELEASE.jar:/usr/local/netbeans-7.0.1/java/modules/ext/spring-3.0/spring-aspects-3.0.2.RELEASE.jar:/usr/local/netbeans-7.0.1/java/modules/ext/spring-3.0/spring-beans-3.0.2.RELEASE.jar:/usr/local/netbeans-7.0.1/java/modules/ext/spring-3.0/spring-context-3.0.2.RELEASE.jar:/usr/local/netbeans-7.0.1/java/modules/ext/spring-3.0/spring-context-support-3.0.2.RELEASE.jar:/usr/local/netbeans-7.0.1/java/modules/ext/spring-3.0/spring-core-3.0.2.RELEASE.jar:/usr/local/netbeans-7.0.1/java/modules/ext/spring-3.0/spring-expression-3.0.2.RELEASE.jar:/usr/local/netbeans-7.0.1/java/modules/ext/spring-3.0/spring-instrument-3.0.2.RELEASE.jar:/usr/local/netbeans-7.0.1/java/modules/ext/spring-3.0/spring-instrument-tomcat-3.0.2.RELEASE.jar:/usr/local/netbeans-7.0.1/java/modules/ext/spring-3.0/spring-jdbc-3.0.2.RELEASE.jar:/usr/local/netbeans-7.0.1/java/modules/ext/spring-3.0/spring-jms-3.0.2.RELEASE.jar:/usr/local/netbeans-7.0.1/java/modules/ext/spring-3.0/spring-orm-3.0.2.RELEASE.jar:/usr/local/netbeans-7.0.1/java/modules/ext/spring-3.0/spring-oxm-3.0.2.RELEASE.jar:/usr/local/netbeans-7.0.1/java/modules/ext/spring-3.0/spring-test-3.0.2.RELEASE.jar:/usr/local/netbeans-7.0.1/java/modules/ext/spring-3.0/spring-tx-3.0.2.RELEASE.jar:/usr/local/netbeans-7.0.1/java/modules/ext/spring-3.0/spring-web-3.0.2.RELEASE.jar:/usr/local/netbeans-7.0.1/java/modules/ext/spring-3.0/spring-webmvc-portlet-3.0.2.RELEASE.jar:/usr/local/netbeans-7.0.1/java/modules/ext/spring-3.0/spring-webmvc-3.0.2.RELEASE.jar:/usr/local/netbeans-7.0.1/java/modules/ext/spring-3.0/spring-struts-3.0.2.RELEASE.jar" />
    <property name="libs.jsp-compiler.maven-pom" value="" />
    <property name="libs.VG-SCFC-commons-util.maven-pom" value="" />
    <property name="libs.spring-webmvc.maven-pom" value="" />
    <property name="libs.Java-EE-GlassFish-v3.wsinterop" value="" />
    <property name="run.jvmargs" value="" />
    <property name="libs.ejb3-persistence.classpath" value="/usr/local/netbeans-7.0.1/java/modules/ext/hibernate/ejb3-persistence.jar" />
    <property name="libs.spring-framework.javadoc" value="" />
    <property name="libs.DataBindingME-PIM.src" value="/usr/local/netbeans-7.0.1/mobility/sources/netbeans_databindingme_pim-src.zip" />
    <property name="libs.PostgreSQLDriver.classpath" value="/usr/local/netbeans-7.0.1/ide/modules/ext/postgresql-8.3-603.jdbc3.jar" />
    <property name="libs.VG_VMI-uts.javadoc" value="" />
    <property name="libs.jsf12.maven-pom" value="" />
    <property name="annotation.processing.source.output" value="build/generated-sources/ap-source-output" />
    <property name="libs.VG_VMI-uts.maven-pom" value="" />
    <property name="libs.CopyLibs.src" value="" />
    <property name="build.dir" value="build" />
    <property name="libs.jsp-compilation.classpath" value="/usr/local/netbeans-7.0.1/java/ant/lib/ant.jar:/usr/local/netbeans-7.0.1/enterprise/modules/ext/servlet3.0-jsp2.2-api.jar:/usr/local/netbeans-7.0.1/enterprise/modules/ext/glassfish-jspparser-3.0.jar:/usr/local/netbeans-7.0.1/enterprise/modules/ext/jsf-2_1/jsf-api.jar:/usr/local/netbeans-7.0.1/enterprise/modules/ext/jstl.jar:/usr/local/netbeans-7.0.1/java/ant/lib/ant-launcher.jar" />
    <property name="ant.version" value="Apache Ant(TM) version 1.8.2 compiled on December 20 2010" />
    <property name="build.classes.excludes" value="**/*.java,**/*.form" />
    <property name="file.encoding" value="UTF-8" />
    <property name="javadoc.nonavbar" value="false" />
    <property name="jdkBug6558476" value="false" />
    <property name="libs.VG-SCFC-commons-util.src" value="" />
    <property name="platform.active" value="default_platform" />
    <property name="libs.JUnit4.10.classpath" value="/home/raffy/NetBeansProjects/Dealership/dependencies/JUnit4.10/junit-4.10-src.jar:/home/raffy/NetBeansProjects/Dealership/dependencies/JUnit4.10/junit-4.10.jar:/home/raffy/NetBeansProjects/Dealership/dependencies/JUnit4.10/junit-dep-4.10.jar" />
    <property name="awt.toolkit" value="sun.awt.X11.XToolkit" />
    <property name="libs.JasperFontExtension.maven-pom" value="" />
  </properties>
  <testcase classname="com.vg.scfc.financing.cis.entmgr.CustomerManagerTest" name="testInsert_3args_1" time="0.231" />
  <testcase classname="com.vg.scfc.financing.cis.entmgr.CustomerManagerTest" name="testFindById" time="0.007" />
  <testcase classname="com.vg.scfc.financing.cis.entmgr.CustomerManagerTest" name="testFindByTransactionMode" time="0.007" />
  <testcase classname="com.vg.scfc.financing.cis.entmgr.CustomerManagerTest" name="testFilterBy" time="0.005" />
  <testcase classname="com.vg.scfc.financing.cis.entmgr.CustomerManagerTest" name="testIsExist" time="0.005" />
  <system-out><![CDATA[insert
Left : 
Right : 0000003
findById
LOGRONIO, RAFFY FERRER
****************************************************
findByTransactionMode
LOGRONIO, RAFFY FERRER
VIAJERO MOTORSALES
****************************************************
filterBy
LOGRONIO, RAFFY FERRER
****************************************************
isExist
****************************************************
]]></system-out>
  <system-err><![CDATA[]]></system-err>
</testsuite>
